2026-01-31 23:27:44 INFO  c.a.U.UserServiceApplication - Starting UserServiceApplication using Java 21.0.8 with PID 12060 (C:\Users\ws_htu1075\Documents\Ecommerce-app\UserService\UserService\target\classes started by ws_htu1075 in C:\Users\ws_htu1075\Documents\Ecommerce-app\UserService\UserService)
2026-01-31 23:27:44 INFO  c.a.U.UserServiceApplication - No active profile set, falling back to 1 default profile: "default"
2026-01-31 23:27:44 INFO  o.s.b.d.e.DevToolsPropertyDefaultsPostProcessor - Devtools property defaults active! Set 'spring.devtools.add-properties' to 'false' to disable
2026-01-31 23:27:44 INFO  o.s.b.d.e.DevToolsPropertyDefaultsPostProcessor - For additional web related logging consider setting the 'logging.level.web' property to 'DEBUG'
2026-01-31 23:27:47 INFO  o.s.d.r.c.RepositoryConfigurationDelegate - Bootstrapping Spring Data JPA repositories in DEFAULT mode.
2026-01-31 23:27:47 INFO  o.s.d.r.c.RepositoryConfigurationDelegate - Finished Spring Data repository scanning in 187 ms. Found 1 JPA repository interface.
2026-01-31 23:27:47 INFO  o.s.cloud.context.scope.GenericScope - BeanFactory id=81585bbf-2880-3ebb-a766-6c6c6aefb9d3
2026-01-31 23:27:48 INFO  o.s.b.w.e.tomcat.TomcatWebServer - Tomcat initialized with port 8081 (http)
2026-01-31 23:27:48 INFO  o.a.coyote.http11.Http11NioProtocol - Initializing ProtocolHandler ["http-nio-8081"]
2026-01-31 23:27:48 INFO  o.a.catalina.core.StandardService - Starting service [Tomcat]
2026-01-31 23:27:48 INFO  o.a.catalina.core.StandardEngine - Starting Servlet engine: [Apache Tomcat/10.1.49]
2026-01-31 23:27:48 INFO  o.a.c.c.C.[Tomcat].[localhost].[/] - Initializing Spring embedded WebApplicationContext
2026-01-31 23:27:48 INFO  o.s.b.w.s.c.ServletWebServerApplicationContext - Root WebApplicationContext: initialization completed in 3855 ms
2026-01-31 23:27:49 INFO  o.h.jpa.internal.util.LogHelper - HHH000204: Processing PersistenceUnitInfo [name: default]
2026-01-31 23:27:49 INFO  org.hibernate.Version - HHH000412: Hibernate ORM core version 6.6.36.Final
2026-01-31 23:27:49 INFO  o.h.c.i.RegionFactoryInitiator - HHH000026: Second-level cache disabled
2026-01-31 23:27:50 INFO  o.s.o.j.p.SpringPersistenceUnitInfo - No LoadTimeWeaver setup: ignoring JPA class transformer
2026-01-31 23:27:50 INFO  com.zaxxer.hikari.HikariDataSource - HikariPool-1 - Starting...
2026-01-31 23:27:51 INFO  com.zaxxer.hikari.pool.HikariPool - HikariPool-1 - Added connection com.mysql.cj.jdbc.ConnectionImpl@6a4dd2df
2026-01-31 23:27:51 INFO  com.zaxxer.hikari.HikariDataSource - HikariPool-1 - Start completed.
2026-01-31 23:27:51 WARN  org.hibernate.orm.deprecation - HHH90000025: MySQLDialect does not need to be specified explicitly using 'hibernate.dialect' (remove the property setting and it will be selected by default)
2026-01-31 23:27:51 INFO  o.hibernate.orm.connections.pooling - HHH10001005: Database info:
	Database JDBC URL [Connecting through datasource 'HikariDataSource (HikariPool-1)']
	Database driver: undefined/unknown
	Database version: 8.0.43
	Autocommit mode: undefined/unknown
	Isolation level: undefined/unknown
	Minimum pool size: undefined/unknown
	Maximum pool size: undefined/unknown
2026-01-31 23:27:54 INFO  o.h.e.t.j.p.i.JtaPlatformInitiator - HHH000489: No JTA platform available (set 'hibernate.transaction.jta.platform' to enable JTA platform integration)
2026-01-31 23:27:55 INFO  o.s.o.j.LocalContainerEntityManagerFactoryBean - Initialized JPA EntityManagerFactory for persistence unit 'default'
2026-01-31 23:27:59 INFO  o.s.b.d.a.OptionalLiveReloadServer - LiveReload server is running on port 35729
2026-01-31 23:27:59 INFO  o.s.c.n.e.c.DiscoveryClientOptionalArgsConfiguration - Eureka HTTP Client uses RestTemplate.
2026-01-31 23:27:59 WARN  o.s.c.l.c.LoadBalancerCacheAutoConfiguration$LoadBalancerCaffeineWarnLogger - Spring Cloud LoadBalancer is currently working with the default cache. While this cache implementation is useful for development and tests, it's recommended to use Caffeine cache in production.You can switch to using Caffeine cache, by adding it and org.springframework.cache.caffeine.CaffeineCacheManager to the classpath.
2026-01-31 23:27:59 INFO  o.s.b.a.e.web.EndpointLinksResolver - Exposing 1 endpoint beneath base path '/actuator'
2026-01-31 23:27:59 INFO  o.s.c.n.eureka.InstanceInfoFactory - Setting initial instance status as: STARTING
2026-01-31 23:27:59 INFO  c.netflix.discovery.DiscoveryClient - Initializing Eureka in region us-east-1
2026-01-31 23:27:59 INFO  c.n.d.s.r.aws.ConfigClusterResolver - Resolving eureka endpoints via configuration
2026-01-31 23:27:59 INFO  c.netflix.discovery.DiscoveryClient - Disable delta property : false
2026-01-31 23:27:59 INFO  c.netflix.discovery.DiscoveryClient - Single vip registry refresh property : null
2026-01-31 23:27:59 INFO  c.netflix.discovery.DiscoveryClient - Force full registry fetch : false
2026-01-31 23:27:59 INFO  c.netflix.discovery.DiscoveryClient - Application is null : false
2026-01-31 23:27:59 INFO  c.netflix.discovery.DiscoveryClient - Registered Applications size is zero : true
2026-01-31 23:27:59 INFO  c.netflix.discovery.DiscoveryClient - Application version is -1: true
2026-01-31 23:27:59 INFO  c.netflix.discovery.DiscoveryClient - Getting all instance registry info from the eureka server
2026-01-31 23:28:01 INFO  c.netflix.discovery.DiscoveryClient - The response status is 200
2026-01-31 23:28:01 INFO  c.netflix.discovery.DiscoveryClient - Starting heartbeat executor: renew interval is: 30
2026-01-31 23:28:01 INFO  c.n.discovery.InstanceInfoReplicator - InstanceInfoReplicator onDemand update allowed rate per min is 4
2026-01-31 23:28:01 INFO  c.netflix.discovery.DiscoveryClient - Discovery Client initialized at timestamp 1769882281179 with initial instances count: 0
2026-01-31 23:28:01 INFO  o.s.c.n.e.s.EurekaServiceRegistry - Registering application USERSERVICE with eureka with status UP
2026-01-31 23:28:01 INFO  c.netflix.discovery.DiscoveryClient - Saw local status change event StatusChangeEvent [timestamp=1769882281188, current=UP, previous=STARTING]
2026-01-31 23:28:01 INFO  o.a.coyote.http11.Http11NioProtocol - Starting ProtocolHandler ["http-nio-8081"]
2026-01-31 23:28:01 INFO  c.netflix.discovery.DiscoveryClient - DiscoveryClient_USERSERVICE/HTWPUNLTP0415.mshome.net:USERSERVICE:8081: registering service...
2026-01-31 23:28:01 INFO  o.s.b.w.e.tomcat.TomcatWebServer - Tomcat started on port 8081 (http) with context path '/'
2026-01-31 23:28:01 INFO  o.s.c.n.e.s.EurekaAutoServiceRegistration - Updating port to 8081
2026-01-31 23:28:01 INFO  c.a.U.UserServiceApplication - Started UserServiceApplication in 17.56 seconds (process running for 19.625)
2026-01-31 23:28:01 INFO  c.netflix.discovery.DiscoveryClient - DiscoveryClient_USERSERVICE/HTWPUNLTP0415.mshome.net:USERSERVICE:8081 - registration status: 204
2026-01-31 23:28:01 INFO  o.a.c.c.C.[Tomcat].[localhost].[/] - Initializing Spring DispatcherServlet 'dispatcherServlet'
2026-01-31 23:28:01 INFO  o.s.web.servlet.DispatcherServlet - Initializing Servlet 'dispatcherServlet'
2026-01-31 23:28:01 INFO  o.s.web.servlet.DispatcherServlet - Completed initialization in 9 ms
2026-01-31 23:28:31 INFO  c.netflix.discovery.DiscoveryClient - Disable delta property : false
2026-01-31 23:28:31 INFO  c.netflix.discovery.DiscoveryClient - Single vip registry refresh property : null
2026-01-31 23:28:31 INFO  c.netflix.discovery.DiscoveryClient - Force full registry fetch : false
2026-01-31 23:28:31 INFO  c.netflix.discovery.DiscoveryClient - Application is null : false
2026-01-31 23:28:31 INFO  c.netflix.discovery.DiscoveryClient - Registered Applications size is zero : true
2026-01-31 23:28:31 INFO  c.netflix.discovery.DiscoveryClient - Application version is -1: false
2026-01-31 23:28:31 INFO  c.netflix.discovery.DiscoveryClient - Getting all instance registry info from the eureka server
2026-01-31 23:28:31 INFO  c.netflix.discovery.DiscoveryClient - The response status is 200
2026-01-31 23:33:00 INFO  c.n.d.s.r.aws.ConfigClusterResolver - Resolving eureka endpoints via configuration
2026-01-31 23:38:00 INFO  c.n.d.s.r.aws.ConfigClusterResolver - Resolving eureka endpoints via configuration
2026-01-31 23:43:00 INFO  c.n.d.s.r.aws.ConfigClusterResolver - Resolving eureka endpoints via configuration
2026-01-31 23:48:00 INFO  c.n.d.s.r.aws.ConfigClusterResolver - Resolving eureka endpoints via configuration
2026-01-31 23:53:00 INFO  c.n.d.s.r.aws.ConfigClusterResolver - Resolving eureka endpoints via configuration
2026-01-31 23:58:00 INFO  c.n.d.s.r.aws.ConfigClusterResolver - Resolving eureka endpoints via configuration
