2026-02-03 10:47:23 INFO  c.a.U.UserServiceApplication - Starting UserServiceApplication using Java 21.0.8 with PID 19764 (C:\Users\ws_htu1075\Documents\Ecommerce-app\UserService\UserService\target\classes started by ws_htu1075 in C:\Users\ws_htu1075\Documents\Ecommerce-app\UserService\UserService)
2026-02-03 10:47:23 INFO  c.a.U.UserServiceApplication - No active profile set, falling back to 1 default profile: "default"
2026-02-03 10:47:24 INFO  o.s.b.d.e.DevToolsPropertyDefaultsPostProcessor - Devtools property defaults active! Set 'spring.devtools.add-properties' to 'false' to disable
2026-02-03 10:47:24 INFO  o.s.b.d.e.DevToolsPropertyDefaultsPostProcessor - For additional web related logging consider setting the 'logging.level.web' property to 'DEBUG'
2026-02-03 10:47:25 INFO  o.s.d.r.c.RepositoryConfigurationDelegate - Bootstrapping Spring Data JPA repositories in DEFAULT mode.
2026-02-03 10:47:26 INFO  o.s.d.r.c.RepositoryConfigurationDelegate - Finished Spring Data repository scanning in 202 ms. Found 1 JPA repository interface.
2026-02-03 10:47:26 INFO  o.s.cloud.context.scope.GenericScope - BeanFactory id=27585b0a-ccef-3161-8d3a-c42704a4316e
2026-02-03 10:47:27 INFO  o.s.b.w.e.tomcat.TomcatWebServer - Tomcat initialized with port 8081 (http)
2026-02-03 10:47:27 INFO  o.a.coyote.http11.Http11NioProtocol - Initializing ProtocolHandler ["http-nio-8081"]
2026-02-03 10:47:27 INFO  o.a.catalina.core.StandardService - Starting service [Tomcat]
2026-02-03 10:47:27 INFO  o.a.catalina.core.StandardEngine - Starting Servlet engine: [Apache Tomcat/10.1.49]
2026-02-03 10:47:27 INFO  o.a.c.c.C.[Tomcat].[localhost].[/] - Initializing Spring embedded WebApplicationContext
2026-02-03 10:47:27 INFO  o.s.b.w.s.c.ServletWebServerApplicationContext - Root WebApplicationContext: initialization completed in 3339 ms
2026-02-03 10:47:27 INFO  o.h.jpa.internal.util.LogHelper - HHH000204: Processing PersistenceUnitInfo [name: default]
2026-02-03 10:47:27 INFO  org.hibernate.Version - HHH000412: Hibernate ORM core version 6.6.36.Final
2026-02-03 10:47:28 INFO  o.h.c.i.RegionFactoryInitiator - HHH000026: Second-level cache disabled
2026-02-03 10:47:28 INFO  o.s.o.j.p.SpringPersistenceUnitInfo - No LoadTimeWeaver setup: ignoring JPA class transformer
2026-02-03 10:47:28 INFO  com.zaxxer.hikari.HikariDataSource - HikariPool-1 - Starting...
2026-02-03 10:47:29 INFO  com.zaxxer.hikari.pool.HikariPool - HikariPool-1 - Added connection com.mysql.cj.jdbc.ConnectionImpl@635bbc94
2026-02-03 10:47:29 INFO  com.zaxxer.hikari.HikariDataSource - HikariPool-1 - Start completed.
2026-02-03 10:47:29 WARN  org.hibernate.orm.deprecation - HHH90000025: MySQLDialect does not need to be specified explicitly using 'hibernate.dialect' (remove the property setting and it will be selected by default)
2026-02-03 10:47:29 INFO  o.hibernate.orm.connections.pooling - HHH10001005: Database info:
	Database JDBC URL [Connecting through datasource 'HikariDataSource (HikariPool-1)']
	Database driver: undefined/unknown
	Database version: 8.0.43
	Autocommit mode: undefined/unknown
	Isolation level: undefined/unknown
	Minimum pool size: undefined/unknown
	Maximum pool size: undefined/unknown
2026-02-03 10:47:31 INFO  o.h.e.t.j.p.i.JtaPlatformInitiator - HHH000489: No JTA platform available (set 'hibernate.transaction.jta.platform' to enable JTA platform integration)
2026-02-03 10:47:31 INFO  o.s.o.j.LocalContainerEntityManagerFactoryBean - Initialized JPA EntityManagerFactory for persistence unit 'default'
2026-02-03 10:47:33 WARN  o.s.b.d.a.OptionalLiveReloadServer - Unable to start LiveReload server
2026-02-03 10:47:33 INFO  o.s.c.n.e.c.DiscoveryClientOptionalArgsConfiguration - Eureka HTTP Client uses RestTemplate.
2026-02-03 10:47:33 WARN  o.s.c.l.c.LoadBalancerCacheAutoConfiguration$LoadBalancerCaffeineWarnLogger - Spring Cloud LoadBalancer is currently working with the default cache. While this cache implementation is useful for development and tests, it's recommended to use Caffeine cache in production.You can switch to using Caffeine cache, by adding it and org.springframework.cache.caffeine.CaffeineCacheManager to the classpath.
2026-02-03 10:47:33 INFO  o.s.b.a.e.web.EndpointLinksResolver - Exposing 1 endpoint beneath base path '/actuator'
2026-02-03 10:47:33 INFO  o.s.c.n.eureka.InstanceInfoFactory - Setting initial instance status as: STARTING
2026-02-03 10:47:33 INFO  c.netflix.discovery.DiscoveryClient - Initializing Eureka in region us-east-1
2026-02-03 10:47:33 INFO  c.n.d.s.r.aws.ConfigClusterResolver - Resolving eureka endpoints via configuration
2026-02-03 10:47:33 INFO  c.netflix.discovery.DiscoveryClient - Disable delta property : false
2026-02-03 10:47:33 INFO  c.netflix.discovery.DiscoveryClient - Single vip registry refresh property : null
2026-02-03 10:47:33 INFO  c.netflix.discovery.DiscoveryClient - Force full registry fetch : false
2026-02-03 10:47:33 INFO  c.netflix.discovery.DiscoveryClient - Application is null : false
2026-02-03 10:47:33 INFO  c.netflix.discovery.DiscoveryClient - Registered Applications size is zero : true
2026-02-03 10:47:33 INFO  c.netflix.discovery.DiscoveryClient - Application version is -1: true
2026-02-03 10:47:33 INFO  c.netflix.discovery.DiscoveryClient - Getting all instance registry info from the eureka server
2026-02-03 10:47:34 INFO  c.netflix.discovery.DiscoveryClient - The response status is 200
2026-02-03 10:47:34 INFO  c.netflix.discovery.DiscoveryClient - Starting heartbeat executor: renew interval is: 30
2026-02-03 10:47:34 INFO  c.n.discovery.InstanceInfoReplicator - InstanceInfoReplicator onDemand update allowed rate per min is 4
2026-02-03 10:47:34 INFO  c.netflix.discovery.DiscoveryClient - Discovery Client initialized at timestamp 1770095854110 with initial instances count: 1
2026-02-03 10:47:34 INFO  o.s.c.n.e.s.EurekaServiceRegistry - Registering application USERSERVICE with eureka with status UP
2026-02-03 10:47:34 INFO  c.netflix.discovery.DiscoveryClient - Saw local status change event StatusChangeEvent [timestamp=1770095854120, current=UP, previous=STARTING]
2026-02-03 10:47:34 INFO  c.netflix.discovery.DiscoveryClient - DiscoveryClient_USERSERVICE/HTWPUNLTP0415.mshome.net:USERSERVICE:8081: registering service...
2026-02-03 10:47:34 INFO  o.a.coyote.http11.Http11NioProtocol - Starting ProtocolHandler ["http-nio-8081"]
2026-02-03 10:47:34 INFO  o.s.b.w.e.tomcat.TomcatWebServer - Tomcat started on port 8081 (http) with context path '/'
2026-02-03 10:47:34 INFO  o.s.c.n.e.s.EurekaAutoServiceRegistration - Updating port to 8081
2026-02-03 10:47:34 INFO  c.netflix.discovery.DiscoveryClient - DiscoveryClient_USERSERVICE/HTWPUNLTP0415.mshome.net:USERSERVICE:8081 - registration status: 204
2026-02-03 10:47:34 INFO  c.a.U.UserServiceApplication - Started UserServiceApplication in 11.179 seconds (process running for 12.767)
2026-02-03 10:47:34 INFO  o.a.c.c.C.[Tomcat].[localhost].[/] - Initializing Spring DispatcherServlet 'dispatcherServlet'
2026-02-03 10:47:34 INFO  o.s.web.servlet.DispatcherServlet - Initializing Servlet 'dispatcherServlet'
2026-02-03 10:47:34 INFO  o.s.web.servlet.DispatcherServlet - Completed initialization in 2 ms
2026-02-03 10:48:42 ERROR c.a.U.service.UserServiceImpl - Failed to send notification for user 12
2026-02-03 10:55:26 INFO  c.n.d.s.r.aws.ConfigClusterResolver - Resolving eureka endpoints via configuration
2026-02-03 10:55:29 WARN  com.zaxxer.hikari.pool.HikariPool - HikariPool-1 - Thread starvation or clock leap detected (housekeeper delta=3m161ms762µs301ns).
2026-02-03 10:59:02 INFO  o.s.b.d.a.LocalDevToolsAutoConfiguration$RestartingClassPathChangeChangedEventListener - Restarting due to 1 class path change (0 additions, 0 deletions, 1 modification)
2026-02-03 10:59:02 INFO  o.s.c.n.e.s.EurekaServiceRegistry - Unregistering application USERSERVICE with eureka with status DOWN
2026-02-03 10:59:02 INFO  c.netflix.discovery.DiscoveryClient - Saw local status change event StatusChangeEvent [timestamp=1770096542831, current=DOWN, previous=UP]
2026-02-03 10:59:02 INFO  c.netflix.discovery.DiscoveryClient - DiscoveryClient_USERSERVICE/HTWPUNLTP0415.mshome.net:USERSERVICE:8081: registering service...
2026-02-03 10:59:02 INFO  o.s.b.w.e.tomcat.GracefulShutdown - Commencing graceful shutdown. Waiting for active requests to complete
2026-02-03 10:59:02 INFO  o.a.coyote.http11.Http11NioProtocol - Pausing ProtocolHandler ["http-nio-8081"]
2026-02-03 10:59:02 INFO  c.netflix.discovery.DiscoveryClient - DiscoveryClient_USERSERVICE/HTWPUNLTP0415.mshome.net:USERSERVICE:8081 - registration status: 204
2026-02-03 10:59:02 INFO  o.s.b.w.e.tomcat.GracefulShutdown - Graceful shutdown complete
2026-02-03 10:59:02 INFO  o.a.coyote.http11.Http11NioProtocol - Stopping ProtocolHandler ["http-nio-8081"]
2026-02-03 10:59:02 INFO  o.s.o.j.LocalContainerEntityManagerFactoryBean - Closing JPA EntityManagerFactory for persistence unit 'default'
2026-02-03 10:59:02 INFO  com.zaxxer.hikari.HikariDataSource - HikariPool-1 - Shutdown initiated...
2026-02-03 10:59:02 INFO  com.zaxxer.hikari.HikariDataSource - HikariPool-1 - Shutdown completed.
2026-02-03 10:59:02 INFO  c.netflix.discovery.DiscoveryClient - Shutting down DiscoveryClient ...
2026-02-03 10:59:05 INFO  c.netflix.discovery.DiscoveryClient - Unregistering ...
2026-02-03 10:59:05 WARN  c.n.discovery.TimedSupervisorTask - task supervisor shutting down, can't accept the task
2026-02-03 10:59:05 INFO  c.netflix.discovery.DiscoveryClient - DiscoveryClient_USERSERVICE/HTWPUNLTP0415.mshome.net:USERSERVICE:8081 - deregister  status: 200
2026-02-03 10:59:05 INFO  c.netflix.discovery.DiscoveryClient - Completed shut down of DiscoveryClient
2026-02-03 10:59:06 INFO  c.a.U.UserServiceApplication - Starting UserServiceApplication using Java 21.0.8 with PID 19764 (C:\Users\ws_htu1075\Documents\Ecommerce-app\UserService\UserService\target\classes started by ws_htu1075 in C:\Users\ws_htu1075\Documents\Ecommerce-app\UserService\UserService)
2026-02-03 10:59:06 INFO  c.a.U.UserServiceApplication - No active profile set, falling back to 1 default profile: "default"
2026-02-03 10:59:07 INFO  o.s.d.r.c.RepositoryConfigurationDelegate - Bootstrapping Spring Data JPA repositories in DEFAULT mode.
2026-02-03 10:59:07 INFO  o.s.d.r.c.RepositoryConfigurationDelegate - Finished Spring Data repository scanning in 13 ms. Found 1 JPA repository interface.
2026-02-03 10:59:07 INFO  o.s.cloud.context.scope.GenericScope - BeanFactory id=27585b0a-ccef-3161-8d3a-c42704a4316e
2026-02-03 10:59:07 INFO  o.s.b.w.e.tomcat.TomcatWebServer - Tomcat initialized with port 8081 (http)
2026-02-03 10:59:07 INFO  o.a.coyote.http11.Http11NioProtocol - Initializing ProtocolHandler ["http-nio-8081"]
2026-02-03 10:59:07 INFO  o.a.catalina.core.StandardService - Starting service [Tomcat]
2026-02-03 10:59:07 INFO  o.a.catalina.core.StandardEngine - Starting Servlet engine: [Apache Tomcat/10.1.49]
2026-02-03 10:59:07 INFO  o.a.c.c.C.[Tomcat].[localhost].[/] - Initializing Spring embedded WebApplicationContext
2026-02-03 10:59:07 INFO  o.s.b.w.s.c.ServletWebServerApplicationContext - Root WebApplicationContext: initialization completed in 1156 ms
2026-02-03 10:59:07 INFO  o.h.jpa.internal.util.LogHelper - HHH000204: Processing PersistenceUnitInfo [name: default]
2026-02-03 10:59:07 INFO  o.h.c.i.RegionFactoryInitiator - HHH000026: Second-level cache disabled
2026-02-03 10:59:07 INFO  o.s.o.j.p.SpringPersistenceUnitInfo - No LoadTimeWeaver setup: ignoring JPA class transformer
2026-02-03 10:59:07 INFO  com.zaxxer.hikari.HikariDataSource - HikariPool-2 - Starting...
2026-02-03 10:59:07 INFO  com.zaxxer.hikari.pool.HikariPool - HikariPool-2 - Added connection com.mysql.cj.jdbc.ConnectionImpl@38768cf4
2026-02-03 10:59:07 INFO  com.zaxxer.hikari.HikariDataSource - HikariPool-2 - Start completed.
2026-02-03 10:59:07 WARN  org.hibernate.orm.deprecation - HHH90000025: MySQLDialect does not need to be specified explicitly using 'hibernate.dialect' (remove the property setting and it will be selected by default)
2026-02-03 10:59:07 INFO  o.hibernate.orm.connections.pooling - HHH10001005: Database info:
	Database JDBC URL [Connecting through datasource 'HikariDataSource (HikariPool-2)']
	Database driver: undefined/unknown
	Database version: 8.0.43
	Autocommit mode: undefined/unknown
	Isolation level: undefined/unknown
	Minimum pool size: undefined/unknown
	Maximum pool size: undefined/unknown
2026-02-03 10:59:07 INFO  o.h.e.t.j.p.i.JtaPlatformInitiator - HHH000489: No JTA platform available (set 'hibernate.transaction.jta.platform' to enable JTA platform integration)
2026-02-03 10:59:07 INFO  o.s.o.j.LocalContainerEntityManagerFactoryBean - Initialized JPA EntityManagerFactory for persistence unit 'default'
2026-02-03 10:59:08 WARN  o.s.b.d.a.OptionalLiveReloadServer - Unable to start LiveReload server
2026-02-03 10:59:08 INFO  o.s.c.n.e.c.DiscoveryClientOptionalArgsConfiguration - Eureka HTTP Client uses RestTemplate.
2026-02-03 10:59:08 WARN  o.s.c.l.c.LoadBalancerCacheAutoConfiguration$LoadBalancerCaffeineWarnLogger - Spring Cloud LoadBalancer is currently working with the default cache. While this cache implementation is useful for development and tests, it's recommended to use Caffeine cache in production.You can switch to using Caffeine cache, by adding it and org.springframework.cache.caffeine.CaffeineCacheManager to the classpath.
2026-02-03 10:59:08 INFO  o.s.b.a.e.web.EndpointLinksResolver - Exposing 1 endpoint beneath base path '/actuator'
2026-02-03 10:59:08 INFO  o.s.c.n.eureka.InstanceInfoFactory - Setting initial instance status as: STARTING
2026-02-03 10:59:08 INFO  c.netflix.discovery.DiscoveryClient - Initializing Eureka in region us-east-1
2026-02-03 10:59:08 INFO  c.n.d.s.r.aws.ConfigClusterResolver - Resolving eureka endpoints via configuration
2026-02-03 10:59:08 INFO  c.netflix.discovery.DiscoveryClient - Disable delta property : false
2026-02-03 10:59:08 INFO  c.netflix.discovery.DiscoveryClient - Single vip registry refresh property : null
2026-02-03 10:59:08 INFO  c.netflix.discovery.DiscoveryClient - Force full registry fetch : false
2026-02-03 10:59:08 INFO  c.netflix.discovery.DiscoveryClient - Application is null : false
2026-02-03 10:59:08 INFO  c.netflix.discovery.DiscoveryClient - Registered Applications size is zero : true
2026-02-03 10:59:08 INFO  c.netflix.discovery.DiscoveryClient - Application version is -1: true
2026-02-03 10:59:08 INFO  c.netflix.discovery.DiscoveryClient - Getting all instance registry info from the eureka server
2026-02-03 10:59:08 INFO  c.netflix.discovery.DiscoveryClient - The response status is 200
2026-02-03 10:59:08 INFO  c.netflix.discovery.DiscoveryClient - Starting heartbeat executor: renew interval is: 30
2026-02-03 10:59:08 INFO  c.n.discovery.InstanceInfoReplicator - InstanceInfoReplicator onDemand update allowed rate per min is 4
2026-02-03 10:59:08 INFO  c.netflix.discovery.DiscoveryClient - Discovery Client initialized at timestamp 1770096548632 with initial instances count: 2
2026-02-03 10:59:08 INFO  o.s.c.n.e.s.EurekaServiceRegistry - Registering application USERSERVICE with eureka with status UP
2026-02-03 10:59:08 INFO  c.netflix.discovery.DiscoveryClient - Saw local status change event StatusChangeEvent [timestamp=1770096548636, current=UP, previous=STARTING]
2026-02-03 10:59:08 INFO  c.netflix.discovery.DiscoveryClient - DiscoveryClient_USERSERVICE/HTWPUNLTP0415.mshome.net:USERSERVICE:8081: registering service...
2026-02-03 10:59:08 INFO  o.a.coyote.http11.Http11NioProtocol - Starting ProtocolHandler ["http-nio-8081"]
2026-02-03 10:59:08 INFO  o.s.b.w.e.tomcat.TomcatWebServer - Tomcat started on port 8081 (http) with context path '/'
2026-02-03 10:59:08 INFO  o.s.c.n.e.s.EurekaAutoServiceRegistration - Updating port to 8081
2026-02-03 10:59:08 INFO  c.netflix.discovery.DiscoveryClient - DiscoveryClient_USERSERVICE/HTWPUNLTP0415.mshome.net:USERSERVICE:8081 - registration status: 204
2026-02-03 10:59:08 INFO  c.a.U.UserServiceApplication - Started UserServiceApplication in 2.537 seconds (process running for 707.23)
2026-02-03 10:59:08 INFO  o.s.b.d.a.ConditionEvaluationDeltaLoggingListener - Condition evaluation unchanged
2026-02-03 11:00:42 INFO  o.a.c.c.C.[Tomcat].[localhost].[/] - Initializing Spring DispatcherServlet 'dispatcherServlet'
2026-02-03 11:00:42 INFO  o.s.web.servlet.DispatcherServlet - Initializing Servlet 'dispatcherServlet'
2026-02-03 11:00:42 INFO  o.s.web.servlet.DispatcherServlet - Completed initialization in 7 ms
2026-02-03 11:04:08 INFO  c.n.d.s.r.aws.ConfigClusterResolver - Resolving eureka endpoints via configuration
2026-02-03 11:05:42 INFO  o.s.b.a.SpringApplicationAdminMXBeanRegistrar$SpringApplicationAdmin - Application shutdown requested.
2026-02-03 11:05:42 INFO  o.s.c.n.e.s.EurekaServiceRegistry - Unregistering application USERSERVICE with eureka with status DOWN
2026-02-03 11:05:42 INFO  c.netflix.discovery.DiscoveryClient - Saw local status change event StatusChangeEvent [timestamp=1770096942773, current=DOWN, previous=UP]
2026-02-03 11:05:42 INFO  c.netflix.discovery.DiscoveryClient - DiscoveryClient_USERSERVICE/HTWPUNLTP0415.mshome.net:USERSERVICE:8081: registering service...
2026-02-03 11:05:42 INFO  o.s.b.w.e.tomcat.GracefulShutdown - Commencing graceful shutdown. Waiting for active requests to complete
2026-02-03 11:05:42 INFO  c.netflix.discovery.DiscoveryClient - DiscoveryClient_USERSERVICE/HTWPUNLTP0415.mshome.net:USERSERVICE:8081 - registration status: 204
2026-02-03 11:05:42 INFO  o.a.coyote.http11.Http11NioProtocol - Pausing ProtocolHandler ["http-nio-8081"]
2026-02-03 11:05:43 INFO  o.s.b.w.e.tomcat.GracefulShutdown - Graceful shutdown complete
2026-02-03 11:05:43 INFO  o.a.coyote.http11.Http11NioProtocol - Stopping ProtocolHandler ["http-nio-8081"]
2026-02-03 11:05:43 INFO  o.s.o.j.LocalContainerEntityManagerFactoryBean - Closing JPA EntityManagerFactory for persistence unit 'default'
2026-02-03 11:05:43 INFO  com.zaxxer.hikari.HikariDataSource - HikariPool-2 - Shutdown initiated...
2026-02-03 11:05:43 INFO  com.zaxxer.hikari.HikariDataSource - HikariPool-2 - Shutdown completed.
2026-02-03 11:05:43 INFO  c.netflix.discovery.DiscoveryClient - Shutting down DiscoveryClient ...
2026-02-03 11:05:46 INFO  c.netflix.discovery.DiscoveryClient - Unregistering ...
2026-02-03 11:05:47 INFO  c.netflix.discovery.DiscoveryClient - DiscoveryClient_USERSERVICE/HTWPUNLTP0415.mshome.net:USERSERVICE:8081 - deregister  status: 200
2026-02-03 11:05:47 INFO  c.netflix.discovery.DiscoveryClient - Completed shut down of DiscoveryClient
