2026-01-17 10:07:20 INFO  c.a.U.UserServiceApplication - Starting UserServiceApplication using Java 21.0.8 with PID 16072 (C:\Users\ws_htu1075\Documents\Ecommerce-app\UserService\UserService\target\classes started by ws_htu1075 in C:\Users\ws_htu1075\Documents\Ecommerce-app\UserService\UserService)
2026-01-17 10:07:20 INFO  c.a.U.UserServiceApplication - No active profile set, falling back to 1 default profile: "default"
2026-01-17 10:07:20 INFO  o.s.b.d.e.DevToolsPropertyDefaultsPostProcessor - Devtools property defaults active! Set 'spring.devtools.add-properties' to 'false' to disable
2026-01-17 10:07:20 INFO  o.s.b.d.e.DevToolsPropertyDefaultsPostProcessor - For additional web related logging consider setting the 'logging.level.web' property to 'DEBUG'
2026-01-17 10:07:22 INFO  o.s.d.r.c.RepositoryConfigurationDelegate - Bootstrapping Spring Data JPA repositories in DEFAULT mode.
2026-01-17 10:07:22 INFO  o.s.d.r.c.RepositoryConfigurationDelegate - Finished Spring Data repository scanning in 214 ms. Found 1 JPA repository interface.
2026-01-17 10:07:22 INFO  o.s.cloud.context.scope.GenericScope - BeanFactory id=81585bbf-2880-3ebb-a766-6c6c6aefb9d3
2026-01-17 10:07:23 INFO  o.s.b.w.e.tomcat.TomcatWebServer - Tomcat initialized with port 8081 (http)
2026-01-17 10:07:23 INFO  o.a.coyote.http11.Http11NioProtocol - Initializing ProtocolHandler ["http-nio-8081"]
2026-01-17 10:07:23 INFO  o.a.catalina.core.StandardService - Starting service [Tomcat]
2026-01-17 10:07:23 INFO  o.a.catalina.core.StandardEngine - Starting Servlet engine: [Apache Tomcat/10.1.49]
2026-01-17 10:07:23 INFO  o.a.c.c.C.[Tomcat].[localhost].[/] - Initializing Spring embedded WebApplicationContext
2026-01-17 10:07:23 INFO  o.s.b.w.s.c.ServletWebServerApplicationContext - Root WebApplicationContext: initialization completed in 3199 ms
2026-01-17 10:07:24 INFO  o.h.jpa.internal.util.LogHelper - HHH000204: Processing PersistenceUnitInfo [name: default]
2026-01-17 10:07:24 INFO  org.hibernate.Version - HHH000412: Hibernate ORM core version 6.6.36.Final
2026-01-17 10:07:24 INFO  o.h.c.i.RegionFactoryInitiator - HHH000026: Second-level cache disabled
2026-01-17 10:07:25 INFO  o.s.o.j.p.SpringPersistenceUnitInfo - No LoadTimeWeaver setup: ignoring JPA class transformer
2026-01-17 10:07:25 INFO  com.zaxxer.hikari.HikariDataSource - HikariPool-1 - Starting...
2026-01-17 10:07:26 INFO  com.zaxxer.hikari.pool.HikariPool - HikariPool-1 - Added connection com.mysql.cj.jdbc.ConnectionImpl@5d49d09c
2026-01-17 10:07:26 INFO  com.zaxxer.hikari.HikariDataSource - HikariPool-1 - Start completed.
2026-01-17 10:07:26 WARN  org.hibernate.orm.deprecation - HHH90000025: MySQLDialect does not need to be specified explicitly using 'hibernate.dialect' (remove the property setting and it will be selected by default)
2026-01-17 10:07:26 INFO  o.hibernate.orm.connections.pooling - HHH10001005: Database info:
	Database JDBC URL [Connecting through datasource 'HikariDataSource (HikariPool-1)']
	Database driver: undefined/unknown
	Database version: 8.0.43
	Autocommit mode: undefined/unknown
	Isolation level: undefined/unknown
	Minimum pool size: undefined/unknown
	Maximum pool size: undefined/unknown
2026-01-17 10:07:29 INFO  o.h.e.t.j.p.i.JtaPlatformInitiator - HHH000489: No JTA platform available (set 'hibernate.transaction.jta.platform' to enable JTA platform integration)
2026-01-17 10:07:29 INFO  o.s.o.j.LocalContainerEntityManagerFactoryBean - Initialized JPA EntityManagerFactory for persistence unit 'default'
2026-01-17 10:07:32 INFO  o.s.b.d.a.OptionalLiveReloadServer - LiveReload server is running on port 35729
2026-01-17 10:07:32 INFO  o.s.c.n.e.c.DiscoveryClientOptionalArgsConfiguration - Eureka HTTP Client uses RestTemplate.
2026-01-17 10:07:32 WARN  o.s.c.l.c.LoadBalancerCacheAutoConfiguration$LoadBalancerCaffeineWarnLogger - Spring Cloud LoadBalancer is currently working with the default cache. While this cache implementation is useful for development and tests, it's recommended to use Caffeine cache in production.You can switch to using Caffeine cache, by adding it and org.springframework.cache.caffeine.CaffeineCacheManager to the classpath.
2026-01-17 10:07:33 INFO  o.s.b.a.e.web.EndpointLinksResolver - Exposing 1 endpoint beneath base path '/actuator'
2026-01-17 10:07:33 INFO  o.s.c.n.eureka.InstanceInfoFactory - Setting initial instance status as: STARTING
2026-01-17 10:07:33 INFO  c.netflix.discovery.DiscoveryClient - Initializing Eureka in region us-east-1
2026-01-17 10:07:33 INFO  c.n.d.s.r.aws.ConfigClusterResolver - Resolving eureka endpoints via configuration
2026-01-17 10:07:33 INFO  c.netflix.discovery.DiscoveryClient - Disable delta property : false
2026-01-17 10:07:33 INFO  c.netflix.discovery.DiscoveryClient - Single vip registry refresh property : null
2026-01-17 10:07:33 INFO  c.netflix.discovery.DiscoveryClient - Force full registry fetch : false
2026-01-17 10:07:33 INFO  c.netflix.discovery.DiscoveryClient - Application is null : false
2026-01-17 10:07:33 INFO  c.netflix.discovery.DiscoveryClient - Registered Applications size is zero : true
2026-01-17 10:07:33 INFO  c.netflix.discovery.DiscoveryClient - Application version is -1: true
2026-01-17 10:07:33 INFO  c.netflix.discovery.DiscoveryClient - Getting all instance registry info from the eureka server
2026-01-17 10:07:33 INFO  c.netflix.discovery.DiscoveryClient - The response status is 200
2026-01-17 10:07:33 INFO  c.netflix.discovery.DiscoveryClient - Starting heartbeat executor: renew interval is: 30
2026-01-17 10:07:33 INFO  c.n.discovery.InstanceInfoReplicator - InstanceInfoReplicator onDemand update allowed rate per min is 4
2026-01-17 10:07:33 INFO  c.netflix.discovery.DiscoveryClient - Discovery Client initialized at timestamp 1768624653951 with initial instances count: 0
2026-01-17 10:07:33 INFO  o.s.c.n.e.s.EurekaServiceRegistry - Registering application USERSERVICE with eureka with status UP
2026-01-17 10:07:33 INFO  c.netflix.discovery.DiscoveryClient - Saw local status change event StatusChangeEvent [timestamp=1768624653960, current=UP, previous=STARTING]
2026-01-17 10:07:33 INFO  o.a.coyote.http11.Http11NioProtocol - Starting ProtocolHandler ["http-nio-8081"]
2026-01-17 10:07:33 INFO  c.netflix.discovery.DiscoveryClient - DiscoveryClient_USERSERVICE/HTWPUNLTP0415.hoonartek03.net:USERSERVICE:8081: registering service...
2026-01-17 10:07:33 INFO  o.s.b.w.e.tomcat.TomcatWebServer - Tomcat started on port 8081 (http) with context path '/'
2026-01-17 10:07:33 INFO  o.s.c.n.e.s.EurekaAutoServiceRegistration - Updating port to 8081
2026-01-17 10:07:34 INFO  c.a.U.UserServiceApplication - Started UserServiceApplication in 14.534 seconds (process running for 15.889)
2026-01-17 10:07:34 INFO  c.netflix.discovery.DiscoveryClient - DiscoveryClient_USERSERVICE/HTWPUNLTP0415.hoonartek03.net:USERSERVICE:8081 - registration status: 204
2026-01-17 10:07:34 INFO  o.a.c.c.C.[Tomcat].[localhost].[/] - Initializing Spring DispatcherServlet 'dispatcherServlet'
2026-01-17 10:07:34 INFO  o.s.web.servlet.DispatcherServlet - Initializing Servlet 'dispatcherServlet'
2026-01-17 10:07:34 INFO  o.s.web.servlet.DispatcherServlet - Completed initialization in 1 ms
2026-01-17 10:08:03 INFO  c.netflix.discovery.DiscoveryClient - Disable delta property : false
2026-01-17 10:08:03 INFO  c.netflix.discovery.DiscoveryClient - Single vip registry refresh property : null
2026-01-17 10:08:03 INFO  c.netflix.discovery.DiscoveryClient - Force full registry fetch : false
2026-01-17 10:08:03 INFO  c.netflix.discovery.DiscoveryClient - Application is null : false
2026-01-17 10:08:03 INFO  c.netflix.discovery.DiscoveryClient - Registered Applications size is zero : true
2026-01-17 10:08:03 INFO  c.netflix.discovery.DiscoveryClient - Application version is -1: false
2026-01-17 10:08:03 INFO  c.netflix.discovery.DiscoveryClient - Getting all instance registry info from the eureka server
2026-01-17 10:08:04 INFO  c.netflix.discovery.DiscoveryClient - The response status is 200
2026-01-17 10:10:05 INFO  c.a.U.service.UserServiceImpl - Fetching user with id: 4 
2026-01-17 10:12:27 INFO  c.a.U.service.UserServiceImpl - Fetching user with id: 4 
2026-01-17 10:12:29 INFO  c.a.U.service.UserServiceImpl - Fetching user with id: 4 
2026-01-17 10:12:31 INFO  c.a.U.service.UserServiceImpl - Fetching user with id: 4 
2026-01-17 10:12:33 INFO  c.n.d.s.r.aws.ConfigClusterResolver - Resolving eureka endpoints via configuration
2026-01-17 10:17:33 INFO  c.n.d.s.r.aws.ConfigClusterResolver - Resolving eureka endpoints via configuration
2026-01-17 10:21:49 INFO  c.a.U.service.UserServiceImpl - Fetching user with id: 4 
2026-01-17 10:22:33 INFO  c.n.d.s.r.aws.ConfigClusterResolver - Resolving eureka endpoints via configuration
2026-01-17 10:26:37 INFO  c.a.U.service.UserServiceImpl - Fetching user with id: 4 
2026-01-17 10:26:39 INFO  c.a.U.service.UserServiceImpl - Fetching user with id: 4 
2026-01-17 10:26:45 INFO  c.a.U.service.UserServiceImpl - Fetching user with id: 4 
2026-01-17 10:26:47 INFO  c.a.U.service.UserServiceImpl - Fetching user with id: 4 
2026-01-17 10:27:33 INFO  c.n.d.s.r.aws.ConfigClusterResolver - Resolving eureka endpoints via configuration
2026-01-17 10:32:33 INFO  c.n.d.s.r.aws.ConfigClusterResolver - Resolving eureka endpoints via configuration
2026-01-17 10:41:17 WARN  com.zaxxer.hikari.pool.HikariPool - HikariPool-1 - Thread starvation or clock leap detected (housekeeper delta=7m20s420ms645µs800ns).
2026-01-17 10:44:41 INFO  c.n.d.s.r.aws.ConfigClusterResolver - Resolving eureka endpoints via configuration
2026-01-17 10:54:25 WARN  com.zaxxer.hikari.pool.HikariPool - HikariPool-1 - Thread starvation or clock leap detected (housekeeper delta=5m38s411ms620µs300ns).
2026-01-17 10:54:50 INFO  c.n.d.s.r.aws.ConfigClusterResolver - Resolving eureka endpoints via configuration
2026-01-17 10:59:50 INFO  c.n.d.s.r.aws.ConfigClusterResolver - Resolving eureka endpoints via configuration
2026-01-17 11:04:50 INFO  c.n.d.s.r.aws.ConfigClusterResolver - Resolving eureka endpoints via configuration
2026-01-17 11:09:50 INFO  c.n.d.s.r.aws.ConfigClusterResolver - Resolving eureka endpoints via configuration
2026-01-17 11:14:50 INFO  c.n.d.s.r.aws.ConfigClusterResolver - Resolving eureka endpoints via configuration
2026-01-17 11:19:50 INFO  c.n.d.s.r.aws.ConfigClusterResolver - Resolving eureka endpoints via configuration
2026-01-17 11:30:43 WARN  com.zaxxer.hikari.pool.HikariPool - HikariPool-1 - Thread starvation or clock leap detected (housekeeper delta=8m46s882ms996µs400ns).
2026-01-17 11:33:14 INFO  c.a.U.service.UserServiceImpl - Fetching user with id: 4 
2026-01-17 11:33:18 INFO  c.n.d.s.r.aws.ConfigClusterResolver - Resolving eureka endpoints via configuration
2026-01-17 11:37:03 INFO  c.a.U.service.UserServiceImpl - Fetching user with id: 4 
2026-01-17 11:38:39 INFO  c.n.d.s.r.aws.ConfigClusterResolver - Resolving eureka endpoints via configuration
2026-01-17 11:39:16 INFO  c.a.U.service.UserServiceImpl - Fetching user with id: 4 
2026-01-17 11:43:39 INFO  c.n.d.s.r.aws.ConfigClusterResolver - Resolving eureka endpoints via configuration
2026-01-17 11:48:39 INFO  c.n.d.s.r.aws.ConfigClusterResolver - Resolving eureka endpoints via configuration
2026-01-17 11:53:39 INFO  c.n.d.s.r.aws.ConfigClusterResolver - Resolving eureka endpoints via configuration
2026-01-17 11:58:39 INFO  c.n.d.s.r.aws.ConfigClusterResolver - Resolving eureka endpoints via configuration
2026-01-17 12:03:39 INFO  c.n.d.s.r.aws.ConfigClusterResolver - Resolving eureka endpoints via configuration
2026-01-17 12:08:39 INFO  c.n.d.s.r.aws.ConfigClusterResolver - Resolving eureka endpoints via configuration
2026-01-17 12:13:39 INFO  c.n.d.s.r.aws.ConfigClusterResolver - Resolving eureka endpoints via configuration
2026-01-17 12:18:39 INFO  c.n.d.s.r.aws.ConfigClusterResolver - Resolving eureka endpoints via configuration
2026-01-17 12:19:16 INFO  o.s.b.a.SpringApplicationAdminMXBeanRegistrar$SpringApplicationAdmin - Application shutdown requested.
2026-01-17 12:19:16 INFO  o.s.c.n.e.s.EurekaServiceRegistry - Unregistering application USERSERVICE with eureka with status DOWN
2026-01-17 12:19:16 INFO  c.netflix.discovery.DiscoveryClient - Saw local status change event StatusChangeEvent [timestamp=1768632556819, current=DOWN, previous=UP]
2026-01-17 12:19:16 INFO  c.netflix.discovery.DiscoveryClient - DiscoveryClient_USERSERVICE/HTWPUNLTP0415.hoonartek03.net:USERSERVICE:8081: registering service...
2026-01-17 12:19:17 INFO  c.netflix.discovery.DiscoveryClient - DiscoveryClient_USERSERVICE/HTWPUNLTP0415.hoonartek03.net:USERSERVICE:8081 - registration status: 204
2026-01-17 12:19:17 INFO  o.s.b.w.e.tomcat.GracefulShutdown - Commencing graceful shutdown. Waiting for active requests to complete
2026-01-17 12:19:17 INFO  o.s.b.a.SpringApplicationAdminMXBeanRegistrar$SpringApplicationAdmin - Application shutdown requested.
2026-01-17 12:19:17 INFO  o.s.b.a.SpringApplicationAdminMXBeanRegistrar$SpringApplicationAdmin - Application shutdown requested.
2026-01-17 12:19:17 INFO  o.a.coyote.http11.Http11NioProtocol - Pausing ProtocolHandler ["http-nio-8081"]
2026-01-17 12:19:17 INFO  o.s.b.w.e.tomcat.GracefulShutdown - Graceful shutdown complete
2026-01-17 12:19:17 INFO  o.a.coyote.http11.Http11NioProtocol - Stopping ProtocolHandler ["http-nio-8081"]
2026-01-17 12:19:17 INFO  o.s.b.a.SpringApplicationAdminMXBeanRegistrar$SpringApplicationAdmin - Application shutdown requested.
2026-01-17 12:19:17 INFO  o.s.o.j.LocalContainerEntityManagerFactoryBean - Closing JPA EntityManagerFactory for persistence unit 'default'
2026-01-17 12:19:17 INFO  com.zaxxer.hikari.HikariDataSource - HikariPool-1 - Shutdown initiated...
2026-01-17 12:19:17 INFO  com.zaxxer.hikari.HikariDataSource - HikariPool-1 - Shutdown completed.
2026-01-17 12:19:17 INFO  c.netflix.discovery.DiscoveryClient - Shutting down DiscoveryClient ...
2026-01-17 13:40:18 INFO  c.a.U.UserServiceApplication - Starting UserServiceApplication using Java 21.0.8 with PID 8044 (C:\Users\ws_htu1075\Documents\Ecommerce-app\UserService\UserService\target\classes started by ws_htu1075 in C:\Users\ws_htu1075\Documents\Ecommerce-app\UserService\UserService)
2026-01-17 13:40:18 INFO  c.a.U.UserServiceApplication - No active profile set, falling back to 1 default profile: "default"
2026-01-17 13:40:18 INFO  o.s.b.d.e.DevToolsPropertyDefaultsPostProcessor - Devtools property defaults active! Set 'spring.devtools.add-properties' to 'false' to disable
2026-01-17 13:40:18 INFO  o.s.b.d.e.DevToolsPropertyDefaultsPostProcessor - For additional web related logging consider setting the 'logging.level.web' property to 'DEBUG'
2026-01-17 13:40:21 INFO  o.s.d.r.c.RepositoryConfigurationDelegate - Bootstrapping Spring Data JPA repositories in DEFAULT mode.
2026-01-17 13:40:22 INFO  o.s.d.r.c.RepositoryConfigurationDelegate - Finished Spring Data repository scanning in 548 ms. Found 1 JPA repository interface.
2026-01-17 13:40:23 INFO  o.s.cloud.context.scope.GenericScope - BeanFactory id=81585bbf-2880-3ebb-a766-6c6c6aefb9d3
2026-01-17 13:40:24 INFO  o.s.b.w.e.tomcat.TomcatWebServer - Tomcat initialized with port 8081 (http)
2026-01-17 13:40:24 INFO  o.a.coyote.http11.Http11NioProtocol - Initializing ProtocolHandler ["http-nio-8081"]
2026-01-17 13:40:24 INFO  o.a.catalina.core.StandardService - Starting service [Tomcat]
2026-01-17 13:40:24 INFO  o.a.catalina.core.StandardEngine - Starting Servlet engine: [Apache Tomcat/10.1.49]
2026-01-17 13:40:24 INFO  o.a.c.c.C.[Tomcat].[localhost].[/] - Initializing Spring embedded WebApplicationContext
2026-01-17 13:40:24 INFO  o.s.b.w.s.c.ServletWebServerApplicationContext - Root WebApplicationContext: initialization completed in 6071 ms
2026-01-17 13:40:25 INFO  o.h.jpa.internal.util.LogHelper - HHH000204: Processing PersistenceUnitInfo [name: default]
2026-01-17 13:40:26 INFO  org.hibernate.Version - HHH000412: Hibernate ORM core version 6.6.36.Final
2026-01-17 13:40:26 INFO  o.h.c.i.RegionFactoryInitiator - HHH000026: Second-level cache disabled
2026-01-17 13:40:27 INFO  o.s.o.j.p.SpringPersistenceUnitInfo - No LoadTimeWeaver setup: ignoring JPA class transformer
2026-01-17 13:40:27 INFO  com.zaxxer.hikari.HikariDataSource - HikariPool-1 - Starting...
2026-01-17 13:40:27 INFO  com.zaxxer.hikari.pool.HikariPool - HikariPool-1 - Added connection com.mysql.cj.jdbc.ConnectionImpl@21289db3
2026-01-17 13:40:27 INFO  com.zaxxer.hikari.HikariDataSource - HikariPool-1 - Start completed.
2026-01-17 13:40:28 WARN  org.hibernate.orm.deprecation - HHH90000025: MySQLDialect does not need to be specified explicitly using 'hibernate.dialect' (remove the property setting and it will be selected by default)
2026-01-17 13:40:28 INFO  o.hibernate.orm.connections.pooling - HHH10001005: Database info:
	Database JDBC URL [Connecting through datasource 'HikariDataSource (HikariPool-1)']
	Database driver: undefined/unknown
	Database version: 8.0.43
	Autocommit mode: undefined/unknown
	Isolation level: undefined/unknown
	Minimum pool size: undefined/unknown
	Maximum pool size: undefined/unknown
2026-01-17 13:40:31 INFO  o.h.e.t.j.p.i.JtaPlatformInitiator - HHH000489: No JTA platform available (set 'hibernate.transaction.jta.platform' to enable JTA platform integration)
2026-01-17 13:40:31 INFO  o.s.o.j.LocalContainerEntityManagerFactoryBean - Initialized JPA EntityManagerFactory for persistence unit 'default'
2026-01-17 13:40:33 INFO  o.s.b.d.a.OptionalLiveReloadServer - LiveReload server is running on port 35729
2026-01-17 13:40:33 INFO  o.s.c.n.e.c.DiscoveryClientOptionalArgsConfiguration - Eureka HTTP Client uses RestTemplate.
2026-01-17 13:40:33 WARN  o.s.c.l.c.LoadBalancerCacheAutoConfiguration$LoadBalancerCaffeineWarnLogger - Spring Cloud LoadBalancer is currently working with the default cache. While this cache implementation is useful for development and tests, it's recommended to use Caffeine cache in production.You can switch to using Caffeine cache, by adding it and org.springframework.cache.caffeine.CaffeineCacheManager to the classpath.
2026-01-17 13:40:33 INFO  o.s.b.a.e.web.EndpointLinksResolver - Exposing 1 endpoint beneath base path '/actuator'
2026-01-17 13:40:34 INFO  o.s.c.n.eureka.InstanceInfoFactory - Setting initial instance status as: STARTING
2026-01-17 13:40:34 INFO  c.netflix.discovery.DiscoveryClient - Initializing Eureka in region us-east-1
2026-01-17 13:40:34 INFO  c.n.d.s.r.aws.ConfigClusterResolver - Resolving eureka endpoints via configuration
2026-01-17 13:40:34 INFO  c.netflix.discovery.DiscoveryClient - Disable delta property : false
2026-01-17 13:40:34 INFO  c.netflix.discovery.DiscoveryClient - Single vip registry refresh property : null
2026-01-17 13:40:34 INFO  c.netflix.discovery.DiscoveryClient - Force full registry fetch : false
2026-01-17 13:40:34 INFO  c.netflix.discovery.DiscoveryClient - Application is null : false
2026-01-17 13:40:34 INFO  c.netflix.discovery.DiscoveryClient - Registered Applications size is zero : true
2026-01-17 13:40:34 INFO  c.netflix.discovery.DiscoveryClient - Application version is -1: true
2026-01-17 13:40:34 INFO  c.netflix.discovery.DiscoveryClient - Getting all instance registry info from the eureka server
2026-01-17 13:40:36 INFO  c.netflix.discovery.DiscoveryClient - The response status is 200
2026-01-17 13:40:36 INFO  c.netflix.discovery.DiscoveryClient - Starting heartbeat executor: renew interval is: 30
2026-01-17 13:40:36 INFO  c.n.discovery.InstanceInfoReplicator - InstanceInfoReplicator onDemand update allowed rate per min is 4
2026-01-17 13:40:36 INFO  c.netflix.discovery.DiscoveryClient - Discovery Client initialized at timestamp 1768637436237 with initial instances count: 0
2026-01-17 13:40:36 INFO  o.s.c.n.e.s.EurekaServiceRegistry - Registering application USERSERVICE with eureka with status UP
2026-01-17 13:40:36 INFO  c.netflix.discovery.DiscoveryClient - Saw local status change event StatusChangeEvent [timestamp=1768637436265, current=UP, previous=STARTING]
2026-01-17 13:40:36 INFO  o.a.coyote.http11.Http11NioProtocol - Starting ProtocolHandler ["http-nio-8081"]
2026-01-17 13:40:36 INFO  c.netflix.discovery.DiscoveryClient - DiscoveryClient_USERSERVICE/HTWPUNLTP0415.hoonartek03.net:USERSERVICE:8081: registering service...
2026-01-17 13:40:36 INFO  o.s.b.w.e.tomcat.TomcatWebServer - Tomcat started on port 8081 (http) with context path '/'
2026-01-17 13:40:36 INFO  o.s.c.n.e.s.EurekaAutoServiceRegistration - Updating port to 8081
2026-01-17 13:40:36 INFO  c.a.U.UserServiceApplication - Started UserServiceApplication in 19.519 seconds (process running for 21.933)
2026-01-17 13:40:36 INFO  c.netflix.discovery.DiscoveryClient - DiscoveryClient_USERSERVICE/HTWPUNLTP0415.hoonartek03.net:USERSERVICE:8081 - registration status: 204
2026-01-17 13:40:37 INFO  o.a.c.c.C.[Tomcat].[localhost].[/] - Initializing Spring DispatcherServlet 'dispatcherServlet'
2026-01-17 13:40:37 INFO  o.s.web.servlet.DispatcherServlet - Initializing Servlet 'dispatcherServlet'
2026-01-17 13:40:37 INFO  o.s.web.servlet.DispatcherServlet - Completed initialization in 3 ms
2026-01-17 13:41:06 INFO  c.netflix.discovery.DiscoveryClient - Disable delta property : false
2026-01-17 13:41:06 INFO  c.netflix.discovery.DiscoveryClient - Single vip registry refresh property : null
2026-01-17 13:41:06 INFO  c.netflix.discovery.DiscoveryClient - Force full registry fetch : false
2026-01-17 13:41:06 INFO  c.netflix.discovery.DiscoveryClient - Application is null : false
2026-01-17 13:41:06 INFO  c.netflix.discovery.DiscoveryClient - Registered Applications size is zero : true
2026-01-17 13:41:06 INFO  c.netflix.discovery.DiscoveryClient - Application version is -1: false
2026-01-17 13:41:06 INFO  c.netflix.discovery.DiscoveryClient - Getting all instance registry info from the eureka server
2026-01-17 13:41:06 INFO  c.netflix.discovery.DiscoveryClient - The response status is 200
2026-01-17 13:45:34 INFO  c.n.d.s.r.aws.ConfigClusterResolver - Resolving eureka endpoints via configuration
2026-01-17 13:46:28 INFO  o.s.b.a.SpringApplicationAdminMXBeanRegistrar$SpringApplicationAdmin - Application shutdown requested.
2026-01-17 13:46:28 INFO  o.s.c.n.e.s.EurekaServiceRegistry - Unregistering application USERSERVICE with eureka with status DOWN
2026-01-17 13:46:28 INFO  c.netflix.discovery.DiscoveryClient - Saw local status change event StatusChangeEvent [timestamp=1768637788418, current=DOWN, previous=UP]
2026-01-17 13:46:28 INFO  c.netflix.discovery.DiscoveryClient - DiscoveryClient_USERSERVICE/HTWPUNLTP0415.hoonartek03.net:USERSERVICE:8081: registering service...
2026-01-17 13:46:28 INFO  o.s.b.w.e.tomcat.GracefulShutdown - Commencing graceful shutdown. Waiting for active requests to complete
2026-01-17 13:46:28 INFO  c.netflix.discovery.DiscoveryClient - DiscoveryClient_USERSERVICE/HTWPUNLTP0415.hoonartek03.net:USERSERVICE:8081 - registration status: 204
2026-01-17 13:46:28 INFO  o.a.coyote.http11.Http11NioProtocol - Pausing ProtocolHandler ["http-nio-8081"]
2026-01-17 13:46:28 INFO  o.s.b.w.e.tomcat.GracefulShutdown - Graceful shutdown complete
2026-01-17 13:46:28 INFO  o.a.coyote.http11.Http11NioProtocol - Stopping ProtocolHandler ["http-nio-8081"]
2026-01-17 13:46:28 INFO  o.s.o.j.LocalContainerEntityManagerFactoryBean - Closing JPA EntityManagerFactory for persistence unit 'default'
2026-01-17 13:46:28 INFO  com.zaxxer.hikari.HikariDataSource - HikariPool-1 - Shutdown initiated...
2026-01-17 13:46:28 INFO  com.zaxxer.hikari.HikariDataSource - HikariPool-1 - Shutdown completed.
2026-01-17 13:46:28 INFO  c.netflix.discovery.DiscoveryClient - Shutting down DiscoveryClient ...
2026-01-17 13:46:31 INFO  c.netflix.discovery.DiscoveryClient - Unregistering ...
2026-01-17 13:46:31 INFO  c.netflix.discovery.DiscoveryClient - DiscoveryClient_USERSERVICE/HTWPUNLTP0415.hoonartek03.net:USERSERVICE:8081 - deregister  status: 200
2026-01-17 13:46:31 INFO  c.netflix.discovery.DiscoveryClient - Completed shut down of DiscoveryClient
2026-01-17 13:56:49 INFO  c.a.U.UserServiceApplication - Starting UserServiceApplication using Java 21.0.8 with PID 24816 (C:\Users\ws_htu1075\Documents\Ecommerce-app\UserService\UserService\target\classes started by ws_htu1075 in C:\Users\ws_htu1075\Documents\Ecommerce-app\UserService\UserService)
2026-01-17 13:56:49 INFO  c.a.U.UserServiceApplication - No active profile set, falling back to 1 default profile: "default"
2026-01-17 13:56:50 INFO  o.s.b.d.e.DevToolsPropertyDefaultsPostProcessor - Devtools property defaults active! Set 'spring.devtools.add-properties' to 'false' to disable
2026-01-17 13:56:50 INFO  o.s.b.d.e.DevToolsPropertyDefaultsPostProcessor - For additional web related logging consider setting the 'logging.level.web' property to 'DEBUG'
2026-01-17 13:56:54 INFO  o.s.d.r.c.RepositoryConfigurationDelegate - Bootstrapping Spring Data JPA repositories in DEFAULT mode.
2026-01-17 13:56:54 INFO  o.s.d.r.c.RepositoryConfigurationDelegate - Finished Spring Data repository scanning in 635 ms. Found 1 JPA repository interface.
2026-01-17 13:56:55 INFO  o.s.cloud.context.scope.GenericScope - BeanFactory id=81585bbf-2880-3ebb-a766-6c6c6aefb9d3
2026-01-17 13:56:57 INFO  o.s.b.w.e.tomcat.TomcatWebServer - Tomcat initialized with port 8081 (http)
2026-01-17 13:56:57 INFO  o.a.coyote.http11.Http11NioProtocol - Initializing ProtocolHandler ["http-nio-8081"]
2026-01-17 13:56:57 INFO  o.a.catalina.core.StandardService - Starting service [Tomcat]
2026-01-17 13:56:57 INFO  o.a.catalina.core.StandardEngine - Starting Servlet engine: [Apache Tomcat/10.1.49]
2026-01-17 13:56:58 INFO  o.a.c.c.C.[Tomcat].[localhost].[/] - Initializing Spring embedded WebApplicationContext
2026-01-17 13:56:58 INFO  o.s.b.w.s.c.ServletWebServerApplicationContext - Root WebApplicationContext: initialization completed in 7981 ms
2026-01-17 13:56:59 INFO  o.h.jpa.internal.util.LogHelper - HHH000204: Processing PersistenceUnitInfo [name: default]
2026-01-17 13:56:59 INFO  org.hibernate.Version - HHH000412: Hibernate ORM core version 6.6.36.Final
2026-01-17 13:56:59 INFO  o.h.c.i.RegionFactoryInitiator - HHH000026: Second-level cache disabled
2026-01-17 13:57:01 INFO  o.s.o.j.p.SpringPersistenceUnitInfo - No LoadTimeWeaver setup: ignoring JPA class transformer
2026-01-17 13:57:01 INFO  com.zaxxer.hikari.HikariDataSource - HikariPool-1 - Starting...
2026-01-17 13:57:02 INFO  com.zaxxer.hikari.pool.HikariPool - HikariPool-1 - Added connection com.mysql.cj.jdbc.ConnectionImpl@7326ffdc
2026-01-17 13:57:02 INFO  com.zaxxer.hikari.HikariDataSource - HikariPool-1 - Start completed.
2026-01-17 13:57:03 WARN  org.hibernate.orm.deprecation - HHH90000025: MySQLDialect does not need to be specified explicitly using 'hibernate.dialect' (remove the property setting and it will be selected by default)
2026-01-17 13:57:03 INFO  o.hibernate.orm.connections.pooling - HHH10001005: Database info:
	Database JDBC URL [Connecting through datasource 'HikariDataSource (HikariPool-1)']
	Database driver: undefined/unknown
	Database version: 8.0.43
	Autocommit mode: undefined/unknown
	Isolation level: undefined/unknown
	Minimum pool size: undefined/unknown
	Maximum pool size: undefined/unknown
2026-01-17 13:57:08 INFO  o.h.e.t.j.p.i.JtaPlatformInitiator - HHH000489: No JTA platform available (set 'hibernate.transaction.jta.platform' to enable JTA platform integration)
2026-01-17 13:57:13 INFO  o.s.o.j.LocalContainerEntityManagerFactoryBean - Initialized JPA EntityManagerFactory for persistence unit 'default'
2026-01-17 13:57:17 WARN  o.s.b.d.a.OptionalLiveReloadServer - Unable to start LiveReload server
2026-01-17 13:57:18 INFO  o.s.c.n.e.c.DiscoveryClientOptionalArgsConfiguration - Eureka HTTP Client uses RestTemplate.
2026-01-17 13:57:18 WARN  o.s.c.l.c.LoadBalancerCacheAutoConfiguration$LoadBalancerCaffeineWarnLogger - Spring Cloud LoadBalancer is currently working with the default cache. While this cache implementation is useful for development and tests, it's recommended to use Caffeine cache in production.You can switch to using Caffeine cache, by adding it and org.springframework.cache.caffeine.CaffeineCacheManager to the classpath.
2026-01-17 13:57:18 INFO  o.s.b.a.e.web.EndpointLinksResolver - Exposing 1 endpoint beneath base path '/actuator'
2026-01-17 13:57:18 INFO  o.s.c.n.eureka.InstanceInfoFactory - Setting initial instance status as: STARTING
2026-01-17 13:57:18 INFO  c.netflix.discovery.DiscoveryClient - Initializing Eureka in region us-east-1
2026-01-17 13:57:18 INFO  c.n.d.s.r.aws.ConfigClusterResolver - Resolving eureka endpoints via configuration
2026-01-17 13:57:18 INFO  c.netflix.discovery.DiscoveryClient - Disable delta property : false
2026-01-17 13:57:18 INFO  c.netflix.discovery.DiscoveryClient - Single vip registry refresh property : null
2026-01-17 13:57:18 INFO  c.netflix.discovery.DiscoveryClient - Force full registry fetch : false
2026-01-17 13:57:18 INFO  c.netflix.discovery.DiscoveryClient - Application is null : false
2026-01-17 13:57:18 INFO  c.netflix.discovery.DiscoveryClient - Registered Applications size is zero : true
2026-01-17 13:57:18 INFO  c.netflix.discovery.DiscoveryClient - Application version is -1: true
2026-01-17 13:57:18 INFO  c.netflix.discovery.DiscoveryClient - Getting all instance registry info from the eureka server
2026-01-17 13:57:21 INFO  c.netflix.discovery.DiscoveryClient - The response status is 200
2026-01-17 13:57:21 INFO  c.netflix.discovery.DiscoveryClient - Starting heartbeat executor: renew interval is: 30
2026-01-17 13:57:21 INFO  c.n.discovery.InstanceInfoReplicator - InstanceInfoReplicator onDemand update allowed rate per min is 4
2026-01-17 13:57:21 INFO  c.netflix.discovery.DiscoveryClient - Discovery Client initialized at timestamp 1768638441151 with initial instances count: 0
2026-01-17 13:57:21 INFO  o.s.c.n.e.s.EurekaServiceRegistry - Registering application USERSERVICE with eureka with status UP
2026-01-17 13:57:21 INFO  c.netflix.discovery.DiscoveryClient - Saw local status change event StatusChangeEvent [timestamp=1768638441185, current=UP, previous=STARTING]
2026-01-17 13:57:21 INFO  o.a.coyote.http11.Http11NioProtocol - Starting ProtocolHandler ["http-nio-8081"]
2026-01-17 13:57:21 INFO  c.netflix.discovery.DiscoveryClient - DiscoveryClient_USERSERVICE/HTWPUNLTP0415.hoonartek03.net:USERSERVICE:8081: registering service...
2026-01-17 13:57:21 INFO  o.s.b.w.e.tomcat.TomcatWebServer - Tomcat started on port 8081 (http) with context path '/'
2026-01-17 13:57:21 INFO  o.s.c.n.e.s.EurekaAutoServiceRegistration - Updating port to 8081
2026-01-17 13:57:21 INFO  c.a.U.UserServiceApplication - Started UserServiceApplication in 34.853 seconds (process running for 42.984)
2026-01-17 13:57:21 INFO  c.netflix.discovery.DiscoveryClient - DiscoveryClient_USERSERVICE/HTWPUNLTP0415.hoonartek03.net:USERSERVICE:8081 - registration status: 204
2026-01-17 13:57:21 INFO  o.a.c.c.C.[Tomcat].[localhost].[/] - Initializing Spring DispatcherServlet 'dispatcherServlet'
2026-01-17 13:57:21 INFO  o.s.web.servlet.DispatcherServlet - Initializing Servlet 'dispatcherServlet'
2026-01-17 13:57:21 INFO  o.s.web.servlet.DispatcherServlet - Completed initialization in 0 ms
2026-01-17 13:57:34 INFO  c.a.U.service.UserServiceImpl - Fetching user with id: 4 
2026-01-17 13:57:51 INFO  c.netflix.discovery.DiscoveryClient - Disable delta property : false
2026-01-17 13:57:51 INFO  c.netflix.discovery.DiscoveryClient - Single vip registry refresh property : null
2026-01-17 13:57:51 INFO  c.netflix.discovery.DiscoveryClient - Force full registry fetch : false
2026-01-17 13:57:51 INFO  c.netflix.discovery.DiscoveryClient - Application is null : false
2026-01-17 13:57:51 INFO  c.netflix.discovery.DiscoveryClient - Registered Applications size is zero : true
2026-01-17 13:57:51 INFO  c.netflix.discovery.DiscoveryClient - Application version is -1: false
2026-01-17 13:57:51 INFO  c.netflix.discovery.DiscoveryClient - Getting all instance registry info from the eureka server
2026-01-17 13:57:51 INFO  c.netflix.discovery.DiscoveryClient - The response status is 200
2026-01-17 13:58:06 INFO  o.s.b.a.SpringApplicationAdminMXBeanRegistrar$SpringApplicationAdmin - Application shutdown requested.
2026-01-17 13:58:06 INFO  o.s.c.n.e.s.EurekaServiceRegistry - Unregistering application USERSERVICE with eureka with status DOWN
2026-01-17 13:58:06 INFO  c.netflix.discovery.DiscoveryClient - Saw local status change event StatusChangeEvent [timestamp=1768638486995, current=DOWN, previous=UP]
2026-01-17 13:58:06 INFO  c.netflix.discovery.DiscoveryClient - DiscoveryClient_USERSERVICE/HTWPUNLTP0415.hoonartek03.net:USERSERVICE:8081: registering service...
2026-01-17 13:58:07 INFO  o.s.b.w.e.tomcat.GracefulShutdown - Commencing graceful shutdown. Waiting for active requests to complete
2026-01-17 13:58:07 INFO  o.a.coyote.http11.Http11NioProtocol - Pausing ProtocolHandler ["http-nio-8081"]
2026-01-17 13:58:07 INFO  c.netflix.discovery.DiscoveryClient - DiscoveryClient_USERSERVICE/HTWPUNLTP0415.hoonartek03.net:USERSERVICE:8081 - registration status: 204
2026-01-17 13:58:07 INFO  o.s.b.w.e.tomcat.GracefulShutdown - Graceful shutdown complete
2026-01-17 13:58:07 INFO  o.a.coyote.http11.Http11NioProtocol - Stopping ProtocolHandler ["http-nio-8081"]
2026-01-17 13:58:07 INFO  o.s.o.j.LocalContainerEntityManagerFactoryBean - Closing JPA EntityManagerFactory for persistence unit 'default'
2026-01-17 13:58:07 INFO  com.zaxxer.hikari.HikariDataSource - HikariPool-1 - Shutdown initiated...
2026-01-17 13:58:07 INFO  com.zaxxer.hikari.HikariDataSource - HikariPool-1 - Shutdown completed.
2026-01-17 13:58:07 INFO  c.netflix.discovery.DiscoveryClient - Shutting down DiscoveryClient ...
2026-01-17 13:58:10 INFO  c.netflix.discovery.DiscoveryClient - Unregistering ...
2026-01-17 13:58:10 INFO  c.netflix.discovery.DiscoveryClient - DiscoveryClient_USERSERVICE/HTWPUNLTP0415.hoonartek03.net:USERSERVICE:8081 - deregister  status: 200
2026-01-17 13:58:10 INFO  c.netflix.discovery.DiscoveryClient - Completed shut down of DiscoveryClient
