2026-01-30 00:04:10 INFO  c.n.d.s.r.aws.ConfigClusterResolver - Resolving eureka endpoints via configuration
2026-01-30 00:09:11 INFO  c.n.d.s.r.aws.ConfigClusterResolver - Resolving eureka endpoints via configuration
2026-01-30 00:14:11 INFO  c.n.d.s.r.aws.ConfigClusterResolver - Resolving eureka endpoints via configuration
2026-01-30 00:19:11 INFO  c.n.d.s.r.aws.ConfigClusterResolver - Resolving eureka endpoints via configuration
2026-01-30 00:24:11 INFO  c.n.d.s.r.aws.ConfigClusterResolver - Resolving eureka endpoints via configuration
2026-01-30 00:26:27 INFO  c.a.U.service.UserServiceImpl - Fetching user with id: 5 
2026-01-30 00:29:11 INFO  c.n.d.s.r.aws.ConfigClusterResolver - Resolving eureka endpoints via configuration
2026-01-30 00:34:11 INFO  c.n.d.s.r.aws.ConfigClusterResolver - Resolving eureka endpoints via configuration
2026-01-30 00:39:11 INFO  c.n.d.s.r.aws.ConfigClusterResolver - Resolving eureka endpoints via configuration
2026-01-30 00:41:17 INFO  c.a.U.service.UserServiceImpl - Fetching user with id: 5 
2026-01-30 00:44:11 INFO  c.n.d.s.r.aws.ConfigClusterResolver - Resolving eureka endpoints via configuration
2026-01-30 00:45:39 INFO  c.a.U.service.UserServiceImpl - Fetching user with id: 5 
2026-01-30 00:49:11 INFO  c.n.d.s.r.aws.ConfigClusterResolver - Resolving eureka endpoints via configuration
2026-01-30 00:50:36 INFO  c.a.U.service.UserServiceImpl - Fetching user with id: 5 
2026-01-30 00:54:11 INFO  c.n.d.s.r.aws.ConfigClusterResolver - Resolving eureka endpoints via configuration
2026-01-30 00:59:11 INFO  c.n.d.s.r.aws.ConfigClusterResolver - Resolving eureka endpoints via configuration
2026-01-30 01:04:11 INFO  c.n.d.s.r.aws.ConfigClusterResolver - Resolving eureka endpoints via configuration
2026-01-30 01:09:11 INFO  c.n.d.s.r.aws.ConfigClusterResolver - Resolving eureka endpoints via configuration
2026-01-30 01:12:28 INFO  o.s.b.a.SpringApplicationAdminMXBeanRegistrar$SpringApplicationAdmin - Application shutdown requested.
2026-01-30 01:12:28 INFO  o.s.c.n.e.s.EurekaServiceRegistry - Unregistering application USERSERVICE with eureka with status DOWN
2026-01-30 01:12:28 INFO  c.netflix.discovery.DiscoveryClient - Saw local status change event StatusChangeEvent [timestamp=1769715748960, current=DOWN, previous=UP]
2026-01-30 01:12:28 INFO  c.netflix.discovery.DiscoveryClient - DiscoveryClient_USERSERVICE/HTWPUNLTP0415.mshome.net:USERSERVICE:8081: registering service...
2026-01-30 01:12:28 INFO  c.netflix.discovery.DiscoveryClient - DiscoveryClient_USERSERVICE/HTWPUNLTP0415.mshome.net:USERSERVICE:8081 - registration status: 204
2026-01-30 01:12:28 INFO  o.s.b.w.e.tomcat.GracefulShutdown - Commencing graceful shutdown. Waiting for active requests to complete
2026-01-30 01:12:28 INFO  o.a.coyote.http11.Http11NioProtocol - Pausing ProtocolHandler ["http-nio-8081"]
2026-01-30 01:12:29 INFO  o.s.b.w.e.tomcat.GracefulShutdown - Graceful shutdown complete
2026-01-30 01:12:29 INFO  o.a.coyote.http11.Http11NioProtocol - Stopping ProtocolHandler ["http-nio-8081"]
2026-01-30 01:12:29 INFO  o.s.o.j.LocalContainerEntityManagerFactoryBean - Closing JPA EntityManagerFactory for persistence unit 'default'
2026-01-30 01:12:29 INFO  com.zaxxer.hikari.HikariDataSource - HikariPool-1 - Shutdown initiated...
2026-01-30 01:12:29 INFO  com.zaxxer.hikari.HikariDataSource - HikariPool-1 - Shutdown completed.
2026-01-30 01:12:29 INFO  c.netflix.discovery.DiscoveryClient - Shutting down DiscoveryClient ...
2026-01-30 01:12:32 INFO  c.netflix.discovery.DiscoveryClient - Unregistering ...
2026-01-30 01:12:32 INFO  c.netflix.discovery.DiscoveryClient - DiscoveryClient_USERSERVICE/HTWPUNLTP0415.mshome.net:USERSERVICE:8081 - deregister  status: 200
2026-01-30 01:12:32 INFO  c.netflix.discovery.DiscoveryClient - Completed shut down of DiscoveryClient
