2026-02-07 13:07:25 INFO  c.a.U.UserServiceApplication - Starting UserServiceApplication using Java 21.0.8 with PID 24792 (C:\Users\ws_htu1075\Documents\Ecommerce-app\UserService\UserService\target\classes started by ws_htu1075 in C:\Users\ws_htu1075\Documents\Ecommerce-app\UserService\UserService)
2026-02-07 13:07:25 INFO  c.a.U.UserServiceApplication - No active profile set, falling back to 1 default profile: "default"
2026-02-07 13:07:25 INFO  o.s.b.d.e.DevToolsPropertyDefaultsPostProcessor - Devtools property defaults active! Set 'spring.devtools.add-properties' to 'false' to disable
2026-02-07 13:07:25 INFO  o.s.b.d.e.DevToolsPropertyDefaultsPostProcessor - For additional web related logging consider setting the 'logging.level.web' property to 'DEBUG'
2026-02-07 13:07:27 INFO  o.s.d.r.c.RepositoryConfigurationDelegate - Bootstrapping Spring Data JPA repositories in DEFAULT mode.
2026-02-07 13:07:28 INFO  o.s.d.r.c.RepositoryConfigurationDelegate - Finished Spring Data repository scanning in 210 ms. Found 1 JPA repository interface.
2026-02-07 13:07:28 INFO  o.s.cloud.context.scope.GenericScope - BeanFactory id=27585b0a-ccef-3161-8d3a-c42704a4316e
2026-02-07 13:07:29 INFO  o.s.b.w.e.tomcat.TomcatWebServer - Tomcat initialized with port 8081 (http)
2026-02-07 13:07:29 INFO  o.a.coyote.http11.Http11NioProtocol - Initializing ProtocolHandler ["http-nio-8081"]
2026-02-07 13:07:29 INFO  o.a.catalina.core.StandardService - Starting service [Tomcat]
2026-02-07 13:07:29 INFO  o.a.catalina.core.StandardEngine - Starting Servlet engine: [Apache Tomcat/10.1.49]
2026-02-07 13:07:29 INFO  o.a.c.c.C.[Tomcat].[localhost].[/] - Initializing Spring embedded WebApplicationContext
2026-02-07 13:07:29 INFO  o.s.b.w.s.c.ServletWebServerApplicationContext - Root WebApplicationContext: initialization completed in 3330 ms
2026-02-07 13:07:29 INFO  o.h.jpa.internal.util.LogHelper - HHH000204: Processing PersistenceUnitInfo [name: default]
2026-02-07 13:07:29 INFO  org.hibernate.Version - HHH000412: Hibernate ORM core version 6.6.36.Final
2026-02-07 13:07:30 INFO  o.h.c.i.RegionFactoryInitiator - HHH000026: Second-level cache disabled
2026-02-07 13:07:30 INFO  o.s.o.j.p.SpringPersistenceUnitInfo - No LoadTimeWeaver setup: ignoring JPA class transformer
2026-02-07 13:07:30 INFO  com.zaxxer.hikari.HikariDataSource - HikariPool-1 - Starting...
2026-02-07 13:07:31 INFO  com.zaxxer.hikari.pool.HikariPool - HikariPool-1 - Added connection com.mysql.cj.jdbc.ConnectionImpl@42f982ba
2026-02-07 13:07:31 INFO  com.zaxxer.hikari.HikariDataSource - HikariPool-1 - Start completed.
2026-02-07 13:07:31 WARN  org.hibernate.orm.deprecation - HHH90000025: MySQLDialect does not need to be specified explicitly using 'hibernate.dialect' (remove the property setting and it will be selected by default)
2026-02-07 13:07:31 INFO  o.hibernate.orm.connections.pooling - HHH10001005: Database info:
	Database JDBC URL [Connecting through datasource 'HikariDataSource (HikariPool-1)']
	Database driver: undefined/unknown
	Database version: 8.0.43
	Autocommit mode: undefined/unknown
	Isolation level: undefined/unknown
	Minimum pool size: undefined/unknown
	Maximum pool size: undefined/unknown
2026-02-07 13:07:32 INFO  o.h.e.t.j.p.i.JtaPlatformInitiator - HHH000489: No JTA platform available (set 'hibernate.transaction.jta.platform' to enable JTA platform integration)
2026-02-07 13:07:33 INFO  o.s.o.j.LocalContainerEntityManagerFactoryBean - Initialized JPA EntityManagerFactory for persistence unit 'default'
2026-02-07 13:07:34 INFO  o.s.b.d.a.OptionalLiveReloadServer - LiveReload server is running on port 35729
2026-02-07 13:07:34 INFO  o.s.c.n.e.c.DiscoveryClientOptionalArgsConfiguration - Eureka HTTP Client uses RestTemplate.
2026-02-07 13:07:34 WARN  o.s.c.l.c.LoadBalancerCacheAutoConfiguration$LoadBalancerCaffeineWarnLogger - Spring Cloud LoadBalancer is currently working with the default cache. While this cache implementation is useful for development and tests, it's recommended to use Caffeine cache in production.You can switch to using Caffeine cache, by adding it and org.springframework.cache.caffeine.CaffeineCacheManager to the classpath.
2026-02-07 13:07:34 INFO  o.s.b.a.e.web.EndpointLinksResolver - Exposing 1 endpoint beneath base path '/actuator'
2026-02-07 13:07:34 INFO  o.s.c.n.eureka.InstanceInfoFactory - Setting initial instance status as: STARTING
2026-02-07 13:07:34 INFO  c.netflix.discovery.DiscoveryClient - Initializing Eureka in region us-east-1
2026-02-07 13:07:34 INFO  c.n.d.s.r.aws.ConfigClusterResolver - Resolving eureka endpoints via configuration
2026-02-07 13:07:34 INFO  c.netflix.discovery.DiscoveryClient - Disable delta property : false
2026-02-07 13:07:34 INFO  c.netflix.discovery.DiscoveryClient - Single vip registry refresh property : null
2026-02-07 13:07:34 INFO  c.netflix.discovery.DiscoveryClient - Force full registry fetch : false
2026-02-07 13:07:34 INFO  c.netflix.discovery.DiscoveryClient - Application is null : false
2026-02-07 13:07:34 INFO  c.netflix.discovery.DiscoveryClient - Registered Applications size is zero : true
2026-02-07 13:07:34 INFO  c.netflix.discovery.DiscoveryClient - Application version is -1: true
2026-02-07 13:07:34 INFO  c.netflix.discovery.DiscoveryClient - Getting all instance registry info from the eureka server
2026-02-07 13:07:35 INFO  c.netflix.discovery.DiscoveryClient - The response status is 200
2026-02-07 13:07:35 INFO  c.netflix.discovery.DiscoveryClient - Starting heartbeat executor: renew interval is: 30
2026-02-07 13:07:35 INFO  c.n.discovery.InstanceInfoReplicator - InstanceInfoReplicator onDemand update allowed rate per min is 4
2026-02-07 13:07:35 INFO  c.netflix.discovery.DiscoveryClient - Discovery Client initialized at timestamp 1770449855632 with initial instances count: 0
2026-02-07 13:07:35 INFO  o.s.c.n.e.s.EurekaServiceRegistry - Registering application USERSERVICE with eureka with status UP
2026-02-07 13:07:35 INFO  c.netflix.discovery.DiscoveryClient - Saw local status change event StatusChangeEvent [timestamp=1770449855639, current=UP, previous=STARTING]
2026-02-07 13:07:35 INFO  o.a.coyote.http11.Http11NioProtocol - Starting ProtocolHandler ["http-nio-8081"]
2026-02-07 13:07:35 INFO  c.netflix.discovery.DiscoveryClient - DiscoveryClient_USERSERVICE/HTWPUNLTP0415.mshome.net:USERSERVICE:8081: registering service...
2026-02-07 13:07:35 INFO  o.s.b.w.e.tomcat.TomcatWebServer - Tomcat started on port 8081 (http) with context path '/'
2026-02-07 13:07:35 INFO  o.s.c.n.e.s.EurekaAutoServiceRegistration - Updating port to 8081
2026-02-07 13:07:35 INFO  c.a.U.UserServiceApplication - Started UserServiceApplication in 10.971 seconds (process running for 12.426)
2026-02-07 13:07:35 INFO  c.netflix.discovery.DiscoveryClient - DiscoveryClient_USERSERVICE/HTWPUNLTP0415.mshome.net:USERSERVICE:8081 - registration status: 204
2026-02-07 13:07:36 INFO  o.a.c.c.C.[Tomcat].[localhost].[/] - Initializing Spring DispatcherServlet 'dispatcherServlet'
2026-02-07 13:07:36 INFO  o.s.web.servlet.DispatcherServlet - Initializing Servlet 'dispatcherServlet'
2026-02-07 13:07:36 INFO  o.s.web.servlet.DispatcherServlet - Completed initialization in 2 ms
2026-02-07 13:08:05 INFO  c.netflix.discovery.DiscoveryClient - Disable delta property : false
2026-02-07 13:08:05 INFO  c.netflix.discovery.DiscoveryClient - Single vip registry refresh property : null
2026-02-07 13:08:05 INFO  c.netflix.discovery.DiscoveryClient - Force full registry fetch : false
2026-02-07 13:08:05 INFO  c.netflix.discovery.DiscoveryClient - Application is null : false
2026-02-07 13:08:05 INFO  c.netflix.discovery.DiscoveryClient - Registered Applications size is zero : true
2026-02-07 13:08:05 INFO  c.netflix.discovery.DiscoveryClient - Application version is -1: false
2026-02-07 13:08:05 INFO  c.netflix.discovery.DiscoveryClient - Getting all instance registry info from the eureka server
2026-02-07 13:08:05 INFO  c.netflix.discovery.DiscoveryClient - The response status is 200
2026-02-07 13:12:35 INFO  c.n.d.s.r.aws.ConfigClusterResolver - Resolving eureka endpoints via configuration
2026-02-07 13:15:30 INFO  c.a.U.service.UserServiceImpl - Fetching user with id: 5 
2026-02-07 13:17:36 INFO  c.n.d.s.r.aws.ConfigClusterResolver - Resolving eureka endpoints via configuration
2026-02-07 13:22:36 INFO  c.n.d.s.r.aws.ConfigClusterResolver - Resolving eureka endpoints via configuration
2026-02-07 13:23:19 INFO  c.a.U.service.UserServiceImpl - Fetching user with id: 4 
2026-02-07 13:25:14 INFO  c.a.U.service.UserServiceImpl - Fetching user with id: 4 
2026-02-07 13:27:36 INFO  c.n.d.s.r.aws.ConfigClusterResolver - Resolving eureka endpoints via configuration
2026-02-07 13:30:00 INFO  c.a.U.service.UserServiceImpl - Fetching user with id: 4 
2026-02-07 13:32:36 INFO  c.n.d.s.r.aws.ConfigClusterResolver - Resolving eureka endpoints via configuration
2026-02-07 13:35:48 INFO  c.a.U.service.UserServiceImpl - Fetching user with id: 4111 
2026-02-07 13:35:48 ERROR c.a.U.service.UserServiceImpl - User not found with id: 4111
2026-02-07 13:35:48 ERROR c.a.U.global.GlobalExceptionHandler - UserNotFoundException
com.app.UserService.service.exception.UserNotFoundException: User not found  with id:4111
	at com.app.UserService.service.UserServiceImpl.lambda$0(UserServiceImpl.java:70)
	at java.base/java.util.Optional.orElseThrow(Optional.java:403)
	at com.app.UserService.service.UserServiceImpl.getUserById(UserServiceImpl.java:68)
	at com.app.UserService.controller.UserController.fetchUser(UserController.java:38)
	at java.base/jdk.internal.reflect.DirectMethodHandleAccessor.invoke(DirectMethodHandleAccessor.java:103)
	at java.base/java.lang.reflect.Method.invoke(Method.java:580)
	at org.springframework.web.method.support.InvocableHandlerMethod.doInvoke(InvocableHandlerMethod.java:258)
	at org.springframework.web.method.support.InvocableHandlerMethod.invokeForRequest(InvocableHandlerMethod.java:191)
	at org.springframework.web.servlet.mvc.method.annotation.ServletInvocableHandlerMethod.invokeAndHandle(ServletInvocableHandlerMethod.java:118)
	at org.springframework.web.servlet.mvc.method.annotation.RequestMappingHandlerAdapter.invokeHandlerMethod(RequestMappingHandlerAdapter.java:991)
	at org.springframework.web.servlet.mvc.method.annotation.RequestMappingHandlerAdapter.handleInternal(RequestMappingHandlerAdapter.java:896)
	at org.springframework.web.servlet.mvc.method.AbstractHandlerMethodAdapter.handle(AbstractHandlerMethodAdapter.java:87)
	at org.springframework.web.servlet.DispatcherServlet.doDispatch(DispatcherServlet.java:1089)
	at org.springframework.web.servlet.DispatcherServlet.doService(DispatcherServlet.java:979)
	at org.springframework.web.servlet.FrameworkServlet.processRequest(FrameworkServlet.java:1014)
	at org.springframework.web.servlet.FrameworkServlet.doGet(FrameworkServlet.java:903)
	at jakarta.servlet.http.HttpServlet.service(HttpServlet.java:564)
	at org.springframework.web.servlet.FrameworkServlet.service(FrameworkServlet.java:885)
	at jakarta.servlet.http.HttpServlet.service(HttpServlet.java:658)
	at org.apache.catalina.core.ApplicationFilterChain.internalDoFilter(ApplicationFilterChain.java:193)
	at org.apache.catalina.core.ApplicationFilterChain.doFilter(ApplicationFilterChain.java:138)
	at org.apache.tomcat.websocket.server.WsFilter.doFilter(WsFilter.java:51)
	at org.apache.catalina.core.ApplicationFilterChain.internalDoFilter(ApplicationFilterChain.java:162)
	at org.apache.catalina.core.ApplicationFilterChain.doFilter(ApplicationFilterChain.java:138)
	at org.springframework.web.filter.RequestContextFilter.doFilterInternal(RequestContextFilter.java:100)
	at org.springframework.web.filter.OncePerRequestFilter.doFilter(OncePerRequestFilter.java:116)
	at org.apache.catalina.core.ApplicationFilterChain.internalDoFilter(ApplicationFilterChain.java:162)
	at org.apache.catalina.core.ApplicationFilterChain.doFilter(ApplicationFilterChain.java:138)
	at org.springframework.web.filter.FormContentFilter.doFilterInternal(FormContentFilter.java:93)
	at org.springframework.web.filter.OncePerRequestFilter.doFilter(OncePerRequestFilter.java:116)
	at org.apache.catalina.core.ApplicationFilterChain.internalDoFilter(ApplicationFilterChain.java:162)
	at org.apache.catalina.core.ApplicationFilterChain.doFilter(ApplicationFilterChain.java:138)
	at org.springframework.web.filter.ServerHttpObservationFilter.doFilterInternal(ServerHttpObservationFilter.java:110)
	at org.springframework.web.filter.OncePerRequestFilter.doFilter(OncePerRequestFilter.java:116)
	at org.apache.catalina.core.ApplicationFilterChain.internalDoFilter(ApplicationFilterChain.java:162)
	at org.apache.catalina.core.ApplicationFilterChain.doFilter(ApplicationFilterChain.java:138)
	at org.springframework.web.filter.CharacterEncodingFilter.doFilterInternal(CharacterEncodingFilter.java:201)
	at org.springframework.web.filter.OncePerRequestFilter.doFilter(OncePerRequestFilter.java:116)
	at org.apache.catalina.core.ApplicationFilterChain.internalDoFilter(ApplicationFilterChain.java:162)
	at org.apache.catalina.core.ApplicationFilterChain.doFilter(ApplicationFilterChain.java:138)
	at org.apache.catalina.core.StandardWrapperValve.invoke(StandardWrapperValve.java:165)
	at org.apache.catalina.core.StandardContextValve.invoke(StandardContextValve.java:88)
	at org.apache.catalina.authenticator.AuthenticatorBase.invoke(AuthenticatorBase.java:482)
	at org.apache.catalina.core.StandardHostValve.invoke(StandardHostValve.java:113)
	at org.apache.catalina.valves.ErrorReportValve.invoke(ErrorReportValve.java:83)
	at org.apache.catalina.core.StandardEngineValve.invoke(StandardEngineValve.java:72)
	at org.apache.catalina.connector.CoyoteAdapter.service(CoyoteAdapter.java:342)
	at org.apache.coyote.http11.Http11Processor.service(Http11Processor.java:399)
	at org.apache.coyote.AbstractProcessorLight.process(AbstractProcessorLight.java:63)
	at org.apache.coyote.AbstractProtocol$ConnectionHandler.process(AbstractProtocol.java:903)
	at org.apache.tomcat.util.net.NioEndpoint$SocketProcessor.doRun(NioEndpoint.java:1774)
	at org.apache.tomcat.util.net.SocketProcessorBase.run(SocketProcessorBase.java:52)
	at org.apache.tomcat.util.threads.ThreadPoolExecutor.runWorker(ThreadPoolExecutor.java:973)
	at org.apache.tomcat.util.threads.ThreadPoolExecutor$Worker.run(ThreadPoolExecutor.java:491)
	at org.apache.tomcat.util.threads.TaskThread$WrappingRunnable.run(TaskThread.java:63)
	at java.base/java.lang.Thread.run(Thread.java:1583)
2026-02-07 13:35:49 WARN  o.s.w.s.m.m.a.ExceptionHandlerExceptionResolver - Resolved [com.app.UserService.service.exception.UserNotFoundException: User not found  with id:4111]
2026-02-07 13:37:37 INFO  c.n.d.s.r.aws.ConfigClusterResolver - Resolving eureka endpoints via configuration
2026-02-07 13:42:37 INFO  c.n.d.s.r.aws.ConfigClusterResolver - Resolving eureka endpoints via configuration
2026-02-07 13:47:37 INFO  c.n.d.s.r.aws.ConfigClusterResolver - Resolving eureka endpoints via configuration
2026-02-07 13:52:37 INFO  c.n.d.s.r.aws.ConfigClusterResolver - Resolving eureka endpoints via configuration
2026-02-07 13:57:37 INFO  c.n.d.s.r.aws.ConfigClusterResolver - Resolving eureka endpoints via configuration
2026-02-07 14:02:37 INFO  c.n.d.s.r.aws.ConfigClusterResolver - Resolving eureka endpoints via configuration
2026-02-07 15:22:24 WARN  com.zaxxer.hikari.pool.HikariPool - HikariPool-1 - Thread starvation or clock leap detected (housekeeper delta=1h17m52s214ms607µs400ns).
2026-02-07 15:24:59 INFO  c.n.d.s.r.aws.ConfigClusterResolver - Resolving eureka endpoints via configuration
2026-02-07 17:52:08 WARN  com.zaxxer.hikari.pool.HikariPool - HikariPool-1 - Thread starvation or clock leap detected (housekeeper delta=2h24m43s676ms480µs700ns).
2026-02-07 23:26:49 WARN  com.zaxxer.hikari.pool.HikariPool - HikariPool-1 - Thread starvation or clock leap detected (housekeeper delta=5h34m44s431ms416µs200ns).
2026-02-07 23:28:22 INFO  c.n.d.s.r.aws.ConfigClusterResolver - Resolving eureka endpoints via configuration
2026-02-07 23:33:24 INFO  c.n.d.s.r.aws.ConfigClusterResolver - Resolving eureka endpoints via configuration
2026-02-07 23:36:48 WARN  com.zaxxer.hikari.pool.HikariPool - HikariPool-1 - Thread starvation or clock leap detected (housekeeper delta=57s433ms212µs600ns).
2026-02-07 23:38:52 INFO  c.n.d.s.r.aws.ConfigClusterResolver - Resolving eureka endpoints via configuration
2026-02-07 23:59:22 WARN  com.zaxxer.hikari.pool.HikariPool - HikariPool-1 - Thread starvation or clock leap detected (housekeeper delta=16m3s206ms637µs600ns).
