2026-01-28 00:02:52 INFO  c.n.d.s.r.aws.ConfigClusterResolver - Resolving eureka endpoints via configuration
2026-01-28 00:07:53 INFO  c.n.d.s.r.aws.ConfigClusterResolver - Resolving eureka endpoints via configuration
2026-01-28 00:12:53 INFO  c.n.d.s.r.aws.ConfigClusterResolver - Resolving eureka endpoints via configuration
2026-01-28 00:17:53 INFO  c.n.d.s.r.aws.ConfigClusterResolver - Resolving eureka endpoints via configuration
2026-01-28 00:22:53 INFO  c.n.d.s.r.aws.ConfigClusterResolver - Resolving eureka endpoints via configuration
2026-01-28 00:27:53 INFO  c.n.d.s.r.aws.ConfigClusterResolver - Resolving eureka endpoints via configuration
2026-01-28 00:29:05 INFO  o.s.b.a.SpringApplicationAdminMXBeanRegistrar$SpringApplicationAdmin - Application shutdown requested.
2026-01-28 00:29:05 INFO  o.s.c.n.e.s.EurekaServiceRegistry - Unregistering application USERSERVICE with eureka with status DOWN
2026-01-28 00:29:05 INFO  c.netflix.discovery.DiscoveryClient - Saw local status change event StatusChangeEvent [timestamp=1769540345838, current=DOWN, previous=UP]
2026-01-28 00:29:05 INFO  c.netflix.discovery.DiscoveryClient - DiscoveryClient_USERSERVICE/HTWPUNLTP0415.mshome.net:USERSERVICE:8081: registering service...
2026-01-28 00:29:06 INFO  c.netflix.discovery.DiscoveryClient - DiscoveryClient_USERSERVICE/HTWPUNLTP0415.mshome.net:USERSERVICE:8081 - registration status: 204
2026-01-28 00:29:06 INFO  o.s.b.w.e.tomcat.GracefulShutdown - Commencing graceful shutdown. Waiting for active requests to complete
2026-01-28 00:29:06 INFO  o.a.coyote.http11.Http11NioProtocol - Pausing ProtocolHandler ["http-nio-8081"]
2026-01-28 00:29:06 INFO  o.s.b.w.e.tomcat.GracefulShutdown - Graceful shutdown complete
2026-01-28 00:29:06 INFO  o.a.coyote.http11.Http11NioProtocol - Stopping ProtocolHandler ["http-nio-8081"]
2026-01-28 00:29:06 INFO  o.s.o.j.LocalContainerEntityManagerFactoryBean - Closing JPA EntityManagerFactory for persistence unit 'default'
2026-01-28 00:29:07 INFO  com.zaxxer.hikari.HikariDataSource - HikariPool-1 - Shutdown initiated...
2026-01-28 00:29:07 INFO  com.zaxxer.hikari.HikariDataSource - HikariPool-1 - Shutdown completed.
2026-01-28 00:29:07 INFO  c.netflix.discovery.DiscoveryClient - Shutting down DiscoveryClient ...
2026-01-28 00:29:10 INFO  c.netflix.discovery.DiscoveryClient - Unregistering ...
2026-01-28 00:29:10 INFO  c.netflix.discovery.DiscoveryClient - DiscoveryClient_USERSERVICE/HTWPUNLTP0415.mshome.net:USERSERVICE:8081 - deregister  status: 200
2026-01-28 00:29:10 INFO  c.netflix.discovery.DiscoveryClient - Completed shut down of DiscoveryClient
2026-01-28 22:36:37 INFO  c.a.U.UserServiceApplication - Starting UserServiceApplication using Java 21.0.8 with PID 11332 (C:\Users\ws_htu1075\Documents\Ecommerce-app\UserService\UserService\target\classes started by ws_htu1075 in C:\Users\ws_htu1075\Documents\Ecommerce-app\UserService\UserService)
2026-01-28 22:36:37 INFO  c.a.U.UserServiceApplication - No active profile set, falling back to 1 default profile: "default"
2026-01-28 22:36:37 INFO  o.s.b.d.e.DevToolsPropertyDefaultsPostProcessor - Devtools property defaults active! Set 'spring.devtools.add-properties' to 'false' to disable
2026-01-28 22:36:37 INFO  o.s.b.d.e.DevToolsPropertyDefaultsPostProcessor - For additional web related logging consider setting the 'logging.level.web' property to 'DEBUG'
2026-01-28 22:36:39 INFO  o.s.d.r.c.RepositoryConfigurationDelegate - Bootstrapping Spring Data JPA repositories in DEFAULT mode.
2026-01-28 22:36:40 INFO  o.s.d.r.c.RepositoryConfigurationDelegate - Finished Spring Data repository scanning in 260 ms. Found 1 JPA repository interface.
2026-01-28 22:36:40 INFO  o.s.cloud.context.scope.GenericScope - BeanFactory id=81585bbf-2880-3ebb-a766-6c6c6aefb9d3
2026-01-28 22:36:41 INFO  o.s.b.w.e.tomcat.TomcatWebServer - Tomcat initialized with port 8081 (http)
2026-01-28 22:36:41 INFO  o.a.coyote.http11.Http11NioProtocol - Initializing ProtocolHandler ["http-nio-8081"]
2026-01-28 22:36:41 INFO  o.a.catalina.core.StandardService - Starting service [Tomcat]
2026-01-28 22:36:41 INFO  o.a.catalina.core.StandardEngine - Starting Servlet engine: [Apache Tomcat/10.1.49]
2026-01-28 22:36:41 INFO  o.a.c.c.C.[Tomcat].[localhost].[/] - Initializing Spring embedded WebApplicationContext
2026-01-28 22:36:41 INFO  o.s.b.w.s.c.ServletWebServerApplicationContext - Root WebApplicationContext: initialization completed in 3713 ms
2026-01-28 22:36:41 INFO  o.h.jpa.internal.util.LogHelper - HHH000204: Processing PersistenceUnitInfo [name: default]
2026-01-28 22:36:42 INFO  org.hibernate.Version - HHH000412: Hibernate ORM core version 6.6.36.Final
2026-01-28 22:36:42 INFO  o.h.c.i.RegionFactoryInitiator - HHH000026: Second-level cache disabled
2026-01-28 22:36:43 INFO  o.s.o.j.p.SpringPersistenceUnitInfo - No LoadTimeWeaver setup: ignoring JPA class transformer
2026-01-28 22:36:43 INFO  com.zaxxer.hikari.HikariDataSource - HikariPool-1 - Starting...
2026-01-28 22:36:44 INFO  com.zaxxer.hikari.pool.HikariPool - HikariPool-1 - Added connection com.mysql.cj.jdbc.ConnectionImpl@6368d210
2026-01-28 22:36:44 INFO  com.zaxxer.hikari.HikariDataSource - HikariPool-1 - Start completed.
2026-01-28 22:36:44 WARN  org.hibernate.orm.deprecation - HHH90000025: MySQLDialect does not need to be specified explicitly using 'hibernate.dialect' (remove the property setting and it will be selected by default)
2026-01-28 22:36:44 INFO  o.hibernate.orm.connections.pooling - HHH10001005: Database info:
	Database JDBC URL [Connecting through datasource 'HikariDataSource (HikariPool-1)']
	Database driver: undefined/unknown
	Database version: 8.0.43
	Autocommit mode: undefined/unknown
	Isolation level: undefined/unknown
	Minimum pool size: undefined/unknown
	Maximum pool size: undefined/unknown
2026-01-28 22:36:46 INFO  o.h.e.t.j.p.i.JtaPlatformInitiator - HHH000489: No JTA platform available (set 'hibernate.transaction.jta.platform' to enable JTA platform integration)
2026-01-28 22:36:47 INFO  o.s.o.j.LocalContainerEntityManagerFactoryBean - Initialized JPA EntityManagerFactory for persistence unit 'default'
2026-01-28 22:36:48 INFO  o.s.b.d.a.OptionalLiveReloadServer - LiveReload server is running on port 35729
2026-01-28 22:36:48 INFO  o.s.c.n.e.c.DiscoveryClientOptionalArgsConfiguration - Eureka HTTP Client uses RestTemplate.
2026-01-28 22:36:48 WARN  o.s.c.l.c.LoadBalancerCacheAutoConfiguration$LoadBalancerCaffeineWarnLogger - Spring Cloud LoadBalancer is currently working with the default cache. While this cache implementation is useful for development and tests, it's recommended to use Caffeine cache in production.You can switch to using Caffeine cache, by adding it and org.springframework.cache.caffeine.CaffeineCacheManager to the classpath.
2026-01-28 22:36:48 INFO  o.s.b.a.e.web.EndpointLinksResolver - Exposing 1 endpoint beneath base path '/actuator'
2026-01-28 22:36:48 INFO  o.s.c.n.eureka.InstanceInfoFactory - Setting initial instance status as: STARTING
2026-01-28 22:36:48 INFO  c.netflix.discovery.DiscoveryClient - Initializing Eureka in region us-east-1
2026-01-28 22:36:48 INFO  c.n.d.s.r.aws.ConfigClusterResolver - Resolving eureka endpoints via configuration
2026-01-28 22:36:48 INFO  c.netflix.discovery.DiscoveryClient - Disable delta property : false
2026-01-28 22:36:48 INFO  c.netflix.discovery.DiscoveryClient - Single vip registry refresh property : null
2026-01-28 22:36:48 INFO  c.netflix.discovery.DiscoveryClient - Force full registry fetch : false
2026-01-28 22:36:48 INFO  c.netflix.discovery.DiscoveryClient - Application is null : false
2026-01-28 22:36:48 INFO  c.netflix.discovery.DiscoveryClient - Registered Applications size is zero : true
2026-01-28 22:36:48 INFO  c.netflix.discovery.DiscoveryClient - Application version is -1: true
2026-01-28 22:36:48 INFO  c.netflix.discovery.DiscoveryClient - Getting all instance registry info from the eureka server
2026-01-28 22:36:49 INFO  c.netflix.discovery.DiscoveryClient - The response status is 200
2026-01-28 22:36:49 INFO  c.netflix.discovery.DiscoveryClient - Starting heartbeat executor: renew interval is: 30
2026-01-28 22:36:49 INFO  c.n.discovery.InstanceInfoReplicator - InstanceInfoReplicator onDemand update allowed rate per min is 4
2026-01-28 22:36:49 INFO  c.netflix.discovery.DiscoveryClient - Discovery Client initialized at timestamp 1769620009697 with initial instances count: 0
2026-01-28 22:36:49 INFO  o.s.c.n.e.s.EurekaServiceRegistry - Registering application USERSERVICE with eureka with status UP
2026-01-28 22:36:49 INFO  c.netflix.discovery.DiscoveryClient - Saw local status change event StatusChangeEvent [timestamp=1769620009703, current=UP, previous=STARTING]
2026-01-28 22:36:49 INFO  o.a.coyote.http11.Http11NioProtocol - Starting ProtocolHandler ["http-nio-8081"]
2026-01-28 22:36:49 INFO  c.netflix.discovery.DiscoveryClient - DiscoveryClient_USERSERVICE/HTWPUNLTP0415.mshome.net:USERSERVICE:8081: registering service...
2026-01-28 22:36:49 INFO  o.s.b.w.e.tomcat.TomcatWebServer - Tomcat started on port 8081 (http) with context path '/'
2026-01-28 22:36:49 INFO  o.s.c.n.e.s.EurekaAutoServiceRegistration - Updating port to 8081
2026-01-28 22:36:49 INFO  c.a.U.UserServiceApplication - Started UserServiceApplication in 13.055 seconds (process running for 14.414)
2026-01-28 22:36:49 INFO  c.netflix.discovery.DiscoveryClient - DiscoveryClient_USERSERVICE/HTWPUNLTP0415.mshome.net:USERSERVICE:8081 - registration status: 204
2026-01-28 22:36:50 INFO  o.a.c.c.C.[Tomcat].[localhost].[/] - Initializing Spring DispatcherServlet 'dispatcherServlet'
2026-01-28 22:36:50 INFO  o.s.web.servlet.DispatcherServlet - Initializing Servlet 'dispatcherServlet'
2026-01-28 22:36:50 INFO  o.s.web.servlet.DispatcherServlet - Completed initialization in 2 ms
2026-01-28 22:37:19 INFO  c.netflix.discovery.DiscoveryClient - Disable delta property : false
2026-01-28 22:37:19 INFO  c.netflix.discovery.DiscoveryClient - Single vip registry refresh property : null
2026-01-28 22:37:19 INFO  c.netflix.discovery.DiscoveryClient - Force full registry fetch : false
2026-01-28 22:37:19 INFO  c.netflix.discovery.DiscoveryClient - Application is null : false
2026-01-28 22:37:19 INFO  c.netflix.discovery.DiscoveryClient - Registered Applications size is zero : true
2026-01-28 22:37:19 INFO  c.netflix.discovery.DiscoveryClient - Application version is -1: false
2026-01-28 22:37:19 INFO  c.netflix.discovery.DiscoveryClient - Getting all instance registry info from the eureka server
2026-01-28 22:37:19 INFO  c.netflix.discovery.DiscoveryClient - The response status is 200
2026-01-28 22:41:48 INFO  c.n.d.s.r.aws.ConfigClusterResolver - Resolving eureka endpoints via configuration
2026-01-28 22:46:48 INFO  c.n.d.s.r.aws.ConfigClusterResolver - Resolving eureka endpoints via configuration
2026-01-28 22:51:48 INFO  c.n.d.s.r.aws.ConfigClusterResolver - Resolving eureka endpoints via configuration
2026-01-28 22:56:48 INFO  c.n.d.s.r.aws.ConfigClusterResolver - Resolving eureka endpoints via configuration
2026-01-28 23:01:48 INFO  c.n.d.s.r.aws.ConfigClusterResolver - Resolving eureka endpoints via configuration
2026-01-28 23:06:48 INFO  c.n.d.s.r.aws.ConfigClusterResolver - Resolving eureka endpoints via configuration
2026-01-28 23:11:48 INFO  c.n.d.s.r.aws.ConfigClusterResolver - Resolving eureka endpoints via configuration
2026-01-28 23:16:48 INFO  c.n.d.s.r.aws.ConfigClusterResolver - Resolving eureka endpoints via configuration
2026-01-28 23:21:48 INFO  c.n.d.s.r.aws.ConfigClusterResolver - Resolving eureka endpoints via configuration
2026-01-28 23:26:48 INFO  c.n.d.s.r.aws.ConfigClusterResolver - Resolving eureka endpoints via configuration
2026-01-28 23:31:48 INFO  c.n.d.s.r.aws.ConfigClusterResolver - Resolving eureka endpoints via configuration
2026-01-28 23:34:24 INFO  c.a.U.service.UserServiceImpl - Fetching user with id: 5 
2026-01-28 23:36:48 INFO  c.n.d.s.r.aws.ConfigClusterResolver - Resolving eureka endpoints via configuration
2026-01-28 23:41:48 INFO  c.n.d.s.r.aws.ConfigClusterResolver - Resolving eureka endpoints via configuration
2026-01-28 23:46:48 INFO  c.n.d.s.r.aws.ConfigClusterResolver - Resolving eureka endpoints via configuration
2026-01-28 23:51:48 INFO  c.n.d.s.r.aws.ConfigClusterResolver - Resolving eureka endpoints via configuration
2026-01-28 23:56:48 INFO  c.n.d.s.r.aws.ConfigClusterResolver - Resolving eureka endpoints via configuration
